This file contains any messages produced by compilers while
running configure, to aid debugging if configure makes a mistake.

It was created by djview configure 4.11, which was
generated by GNU Autoconf 2.69.  Invocation command line was

  $ ./configure --build=x86_64-linux-gnu --prefix=/usr --includedir=${prefix}/include --mandir=${prefix}/share/man --infodir=${prefix}/share/info --sysconfdir=/etc --localstatedir=/var --disable-silent-rules --libdir=${prefix}/lib/x86_64-linux-gnu --libexecdir=${prefix}/lib/x86_64-linux-gnu --runstatedir=/run --disable-maintainer-mode --disable-dependency-tracking

## --------- ##
## Platform. ##
## --------- ##

hostname = debian
uname -m = x86_64
uname -r = 4.19.0-12-amd64
uname -s = Linux
uname -v = #1 SMP Debian 4.19.152-1 (2020-10-18)

/usr/bin/uname -p = unknown
/bin/uname -X     = unknown

/bin/arch              = x86_64
/usr/bin/arch -k       = unknown
/usr/convex/getsysinfo = unknown
/usr/bin/hostinfo      = unknown
/bin/machine           = unknown
/usr/bin/oslevel       = unknown
/bin/universe          = unknown

PATH: /home/jsbien/.local/bin
PATH: /usr/local/bin
PATH: /usr/bin
PATH: /bin
PATH: /usr/local/games
PATH: /usr/games
PATH: /snap/bin


## ----------- ##
## Core tests. ##
## ----------- ##

configure:2760: checking build system type
configure:2774: result: x86_64-pc-linux-gnu
configure:2794: checking host system type
configure:2807: result: x86_64-pc-linux-gnu
configure:2844: checking for a BSD-compatible install
configure:2912: result: /usr/bin/install -c
configure:2923: checking whether build environment is sane
configure:2978: result: yes
configure:3127: checking for a thread-safe mkdir -p
configure:3166: result: /usr/bin/mkdir -p
configure:3173: checking for gawk
configure:3189: found /usr/bin/gawk
configure:3200: result: gawk
configure:3211: checking whether make sets $(MAKE)
configure:3233: result: yes
configure:3262: checking whether make supports nested variables
configure:3279: result: yes
configure:3416: checking whether make supports nested variables
configure:3433: result: yes
configure:3448: checking whether make supports the include directive
configure:3463: make -f confmf.GNU && cat confinc.out
make[1]: Entering directory '/media/jsbien/MyBookAV/GitHub/djview4'
make[1]: Leaving directory '/media/jsbien/MyBookAV/GitHub/djview4'
this is the am__doit target
configure:3466: $? = 0
configure:3485: result: yes (GNU style)
configure:3555: checking for gcc
configure:3571: found /usr/bin/gcc
configure:3582: result: gcc
configure:3811: checking for C compiler version
configure:3820: gcc --version >&5
gcc (Debian 8.3.0-6) 8.3.0
Copyright (C) 2018 Free Software Foundation, Inc.
This is free software; see the source for copying conditions.  There is NO
warranty; not even for MERCHANTABILITY or FITNESS FOR A PARTICULAR PURPOSE.

configure:3831: $? = 0
configure:3820: gcc -v >&5
Using built-in specs.
COLLECT_GCC=gcc
COLLECT_LTO_WRAPPER=/usr/lib/gcc/x86_64-linux-gnu/8/lto-wrapper
OFFLOAD_TARGET_NAMES=nvptx-none
OFFLOAD_TARGET_DEFAULT=1
Target: x86_64-linux-gnu
Configured with: ../src/configure -v --with-pkgversion='Debian 8.3.0-6' --with-bugurl=file:///usr/share/doc/gcc-8/README.Bugs --enable-languages=c,ada,c++,go,brig,d,fortran,objc,obj-c++ --prefix=/usr --with-gcc-major-version-only --program-suffix=-8 --program-prefix=x86_64-linux-gnu- --enable-shared --enable-linker-build-id --libexecdir=/usr/lib --without-included-gettext --enable-threads=posix --libdir=/usr/lib --enable-nls --enable-bootstrap --enable-clocale=gnu --enable-libstdcxx-debug --enable-libstdcxx-time=yes --with-default-libstdcxx-abi=new --enable-gnu-unique-object --disable-vtable-verify --enable-libmpx --enable-plugin --enable-default-pie --with-system-zlib --with-target-system-zlib --enable-objc-gc=auto --enable-multiarch --disable-werror --with-arch-32=i686 --with-abi=m64 --with-multilib-list=m32,m64,mx32 --enable-multilib --with-tune=generic --enable-offload-targets=nvptx-none --without-cuda-driver --enable-checking=release --build=x86_64-linux-gnu --host=x86_64-linux-gnu --target=x86_64-linux-gnu
Thread model: posix
gcc version 8.3.0 (Debian 8.3.0-6) 
configure:3831: $? = 0
configure:3820: gcc -V >&5
gcc: error: unrecognized command line option '-V'
gcc: fatal error: no input files
compilation terminated.
configure:3831: $? = 1
configure:3820: gcc -qversion >&5
gcc: error: unrecognized command line option '-qversion'; did you mean '--version'?
gcc: fatal error: no input files
compilation terminated.
configure:3831: $? = 1
configure:3851: checking whether the C compiler works
configure:3873: gcc -g -O2 -fdebug-prefix-map=/media/jsbien/MyBookAV/GitHub/djview4=. -fstack-protector-strong -Wformat -Werror=format-security -Wdate-time -D_FORTIFY_SOURCE=2 -Wl,-z,relro -Wl,-z,now conftest.c  >&5
configure:3877: $? = 0
configure:3925: result: yes
configure:3928: checking for C compiler default output file name
configure:3930: result: a.out
configure:3936: checking for suffix of executables
configure:3943: gcc -o conftest -g -O2 -fdebug-prefix-map=/media/jsbien/MyBookAV/GitHub/djview4=. -fstack-protector-strong -Wformat -Werror=format-security -Wdate-time -D_FORTIFY_SOURCE=2 -Wl,-z,relro -Wl,-z,now conftest.c  >&5
configure:3947: $? = 0
configure:3969: result: 
configure:3991: checking whether we are cross compiling
configure:3999: gcc -o conftest -g -O2 -fdebug-prefix-map=/media/jsbien/MyBookAV/GitHub/djview4=. -fstack-protector-strong -Wformat -Werror=format-security -Wdate-time -D_FORTIFY_SOURCE=2 -Wl,-z,relro -Wl,-z,now conftest.c  >&5
configure:4003: $? = 0
configure:4010: ./conftest
configure:4014: $? = 0
configure:4002: result: no
configure:4007: checking for suffix of object files
configure:4029: gcc -c -g -O2 -fdebug-prefix-map=/media/jsbien/MyBookAV/GitHub/djview4=. -fstack-protector-strong -Wformat -Werror=format-security -Wdate-time -D_FORTIFY_SOURCE=2 conftest.c >&5
configure:4033: $? = 0
configure:4054: result: o
configure:4058: checking whether we are using the GNU C compiler
configure:4077: gcc -c -g -O2 -fdebug-prefix-map=/media/jsbien/MyBookAV/GitHub/djview4=. -fstack-protector-strong -Wformat -Werror=format-security -Wdate-time -D_FORTIFY_SOURCE=2 conftest.c >&5
configure:4077: $? = 0
configure:4086: result: yes
configure:4095: checking whether gcc accepts -g
configure:4115: gcc -c -g -Wdate-time -D_FORTIFY_SOURCE=2 conftest.c >&5
configure:4115: $? = 0
configure:4156: result: yes
configure:4173: checking for gcc option to accept ISO C89
configure:4236: gcc  -c -g -O2 -fdebug-prefix-map=/media/jsbien/MyBookAV/GitHub/djview4=. -fstack-protector-strong -Wformat -Werror=format-security -Wdate-time -D_FORTIFY_SOURCE=2 conftest.c >&5
configure:4236: $? = 0
configure:4249: result: none needed
configure:4274: checking whether gcc understands -c and -o together
configure:4296: gcc -c conftest.c -o conftest2.o
configure:4299: $? = 0
configure:4296: gcc -c conftest.c -o conftest2.o
configure:4299: $? = 0
configure:4311: result: yes
configure:4330: checking dependency style of gcc
configure:4441: result: none
configure:4506: checking for ar
configure:4522: found /usr/bin/ar
configure:4533: result: ar
configure:4559: checking the archiver (ar) interface
configure:4575: gcc -c -g -O2 -fdebug-prefix-map=/media/jsbien/MyBookAV/GitHub/djview4=. -fstack-protector-strong -Wformat -Werror=format-security -Wdate-time -D_FORTIFY_SOURCE=2 conftest.c >&5
configure:4575: $? = 0
configure:4577: ar cru libconftest.a conftest.o >&5
ar: `u' modifier ignored since `D' is the default (see `U')
configure:4580: $? = 0
configure:4579: result: ar
configure:4666: checking whether make sets $(MAKE)
configure:4688: result: yes
configure:4699: checking whether ln -s works
configure:4703: result: yes
configure:4711: checking for a sed that does not truncate output
configure:4775: result: /usr/bin/sed
configure:4783: checking for rm
configure:4801: found /usr/bin/rm
configure:4813: result: /usr/bin/rm
configure:4823: checking for rmdir
configure:4841: found /usr/bin/rmdir
configure:4853: result: /usr/bin/rmdir
configure:4863: checking for touch
configure:4881: found /usr/bin/touch
configure:4893: result: /usr/bin/touch
configure:4903: checking for mkdir
configure:4921: found /usr/bin/mkdir
configure:4933: result: /usr/bin/mkdir
configure:4943: checking for awk
configure:4961: found /usr/bin/awk
configure:4973: result: /usr/bin/awk
configure:4985: checking for rm
configure:5015: result: /usr/bin/rm
configure:5074: checking for gcc
configure:5101: result: gcc
configure:5330: checking for C compiler version
configure:5339: gcc --version >&5
gcc (Debian 8.3.0-6) 8.3.0
Copyright (C) 2018 Free Software Foundation, Inc.
This is free software; see the source for copying conditions.  There is NO
warranty; not even for MERCHANTABILITY or FITNESS FOR A PARTICULAR PURPOSE.

configure:5350: $? = 0
configure:5339: gcc -v >&5
Using built-in specs.
COLLECT_GCC=gcc
COLLECT_LTO_WRAPPER=/usr/lib/gcc/x86_64-linux-gnu/8/lto-wrapper
OFFLOAD_TARGET_NAMES=nvptx-none
OFFLOAD_TARGET_DEFAULT=1
Target: x86_64-linux-gnu
Configured with: ../src/configure -v --with-pkgversion='Debian 8.3.0-6' --with-bugurl=file:///usr/share/doc/gcc-8/README.Bugs --enable-languages=c,ada,c++,go,brig,d,fortran,objc,obj-c++ --prefix=/usr --with-gcc-major-version-only --program-suffix=-8 --program-prefix=x86_64-linux-gnu- --enable-shared --enable-linker-build-id --libexecdir=/usr/lib --without-included-gettext --enable-threads=posix --libdir=/usr/lib --enable-nls --enable-bootstrap --enable-clocale=gnu --enable-libstdcxx-debug --enable-libstdcxx-time=yes --with-default-libstdcxx-abi=new --enable-gnu-unique-object --disable-vtable-verify --enable-libmpx --enable-plugin --enable-default-pie --with-system-zlib --with-target-system-zlib --enable-objc-gc=auto --enable-multiarch --disable-werror --with-arch-32=i686 --with-abi=m64 --with-multilib-list=m32,m64,mx32 --enable-multilib --with-tune=generic --enable-offload-targets=nvptx-none --without-cuda-driver --enable-checking=release --build=x86_64-linux-gnu --host=x86_64-linux-gnu --target=x86_64-linux-gnu
Thread model: posix
gcc version 8.3.0 (Debian 8.3.0-6) 
configure:5350: $? = 0
configure:5339: gcc -V >&5
gcc: error: unrecognized command line option '-V'
gcc: fatal error: no input files
compilation terminated.
configure:5350: $? = 1
configure:5339: gcc -qversion >&5
gcc: error: unrecognized command line option '-qversion'; did you mean '--version'?
gcc: fatal error: no input files
compilation terminated.
configure:5350: $? = 1
configure:5354: checking whether we are using the GNU C compiler
configure:5382: result: yes
configure:5391: checking whether gcc accepts -g
configure:5452: result: yes
configure:5469: checking for gcc option to accept ISO C89
configure:5545: result: none needed
configure:5570: checking whether gcc understands -c and -o together
configure:5607: result: yes
configure:5626: checking dependency style of gcc
configure:5737: result: none
configure:5810: checking for g++
configure:5826: found /usr/bin/g++
configure:5837: result: g++
configure:5864: checking for C++ compiler version
configure:5873: g++ --version >&5
g++ (Debian 8.3.0-6) 8.3.0
Copyright (C) 2018 Free Software Foundation, Inc.
This is free software; see the source for copying conditions.  There is NO
warranty; not even for MERCHANTABILITY or FITNESS FOR A PARTICULAR PURPOSE.

configure:5884: $? = 0
configure:5873: g++ -v >&5
Using built-in specs.
COLLECT_GCC=g++
COLLECT_LTO_WRAPPER=/usr/lib/gcc/x86_64-linux-gnu/8/lto-wrapper
OFFLOAD_TARGET_NAMES=nvptx-none
OFFLOAD_TARGET_DEFAULT=1
Target: x86_64-linux-gnu
Configured with: ../src/configure -v --with-pkgversion='Debian 8.3.0-6' --with-bugurl=file:///usr/share/doc/gcc-8/README.Bugs --enable-languages=c,ada,c++,go,brig,d,fortran,objc,obj-c++ --prefix=/usr --with-gcc-major-version-only --program-suffix=-8 --program-prefix=x86_64-linux-gnu- --enable-shared --enable-linker-build-id --libexecdir=/usr/lib --without-included-gettext --enable-threads=posix --libdir=/usr/lib --enable-nls --enable-bootstrap --enable-clocale=gnu --enable-libstdcxx-debug --enable-libstdcxx-time=yes --with-default-libstdcxx-abi=new --enable-gnu-unique-object --disable-vtable-verify --enable-libmpx --enable-plugin --enable-default-pie --with-system-zlib --with-target-system-zlib --enable-objc-gc=auto --enable-multiarch --disable-werror --with-arch-32=i686 --with-abi=m64 --with-multilib-list=m32,m64,mx32 --enable-multilib --with-tune=generic --enable-offload-targets=nvptx-none --without-cuda-driver --enable-checking=release --build=x86_64-linux-gnu --host=x86_64-linux-gnu --target=x86_64-linux-gnu
Thread model: posix
gcc version 8.3.0 (Debian 8.3.0-6) 
configure:5884: $? = 0
configure:5873: g++ -V >&5
g++: error: unrecognized command line option '-V'
g++: fatal error: no input files
compilation terminated.
configure:5884: $? = 1
configure:5873: g++ -qversion >&5
g++: error: unrecognized command line option '-qversion'; did you mean '--version'?
g++: fatal error: no input files
compilation terminated.
configure:5884: $? = 1
configure:5888: checking whether we are using the GNU C++ compiler
configure:5907: g++ -c -g -O2 -fdebug-prefix-map=/media/jsbien/MyBookAV/GitHub/djview4=. -fstack-protector-strong -Wformat -Werror=format-security -Wdate-time -D_FORTIFY_SOURCE=2 conftest.cpp >&5
configure:5907: $? = 0
configure:5916: result: yes
configure:5925: checking whether g++ accepts -g
configure:5945: g++ -c -g -Wdate-time -D_FORTIFY_SOURCE=2 conftest.cpp >&5
configure:5945: $? = 0
configure:5986: result: yes
configure:6011: checking dependency style of g++
configure:6122: result: none
configure:6191: checking for gcc
configure:6207: found /usr/bin/gcc
configure:6218: result: gcc
configure:6243: checking for Objective C compiler version
configure:6252: gcc --version >&5
gcc (Debian 8.3.0-6) 8.3.0
Copyright (C) 2018 Free Software Foundation, Inc.
This is free software; see the source for copying conditions.  There is NO
warranty; not even for MERCHANTABILITY or FITNESS FOR A PARTICULAR PURPOSE.

configure:6263: $? = 0
configure:6252: gcc -v >&5
Using built-in specs.
COLLECT_GCC=gcc
COLLECT_LTO_WRAPPER=/usr/lib/gcc/x86_64-linux-gnu/8/lto-wrapper
OFFLOAD_TARGET_NAMES=nvptx-none
OFFLOAD_TARGET_DEFAULT=1
Target: x86_64-linux-gnu
Configured with: ../src/configure -v --with-pkgversion='Debian 8.3.0-6' --with-bugurl=file:///usr/share/doc/gcc-8/README.Bugs --enable-languages=c,ada,c++,go,brig,d,fortran,objc,obj-c++ --prefix=/usr --with-gcc-major-version-only --program-suffix=-8 --program-prefix=x86_64-linux-gnu- --enable-shared --enable-linker-build-id --libexecdir=/usr/lib --without-included-gettext --enable-threads=posix --libdir=/usr/lib --enable-nls --enable-bootstrap --enable-clocale=gnu --enable-libstdcxx-debug --enable-libstdcxx-time=yes --with-default-libstdcxx-abi=new --enable-gnu-unique-object --disable-vtable-verify --enable-libmpx --enable-plugin --enable-default-pie --with-system-zlib --with-target-system-zlib --enable-objc-gc=auto --enable-multiarch --disable-werror --with-arch-32=i686 --with-abi=m64 --with-multilib-list=m32,m64,mx32 --enable-multilib --with-tune=generic --enable-offload-targets=nvptx-none --without-cuda-driver --enable-checking=release --build=x86_64-linux-gnu --host=x86_64-linux-gnu --target=x86_64-linux-gnu
Thread model: posix
gcc version 8.3.0 (Debian 8.3.0-6) 
configure:6263: $? = 0
configure:6252: gcc -V >&5
gcc: error: unrecognized command line option '-V'
gcc: fatal error: no input files
compilation terminated.
configure:6263: $? = 1
configure:6252: gcc -qversion >&5
gcc: error: unrecognized command line option '-qversion'; did you mean '--version'?
gcc: fatal error: no input files
compilation terminated.
configure:6263: $? = 1
configure:6267: checking whether we are using the GNU Objective C compiler
configure:6286: gcc -c -g -O2 -fdebug-prefix-map=/media/jsbien/MyBookAV/GitHub/djview4=. -fstack-protector-strong -Wformat -Werror=format-security -Wdate-time -D_FORTIFY_SOURCE=2 conftest.m >&5
gcc: error trying to exec 'cc1obj': execvp: No such file or directory
configure:6286: $? = 1
configure: failed program was:
| /* confdefs.h */
| #define PACKAGE_NAME "djview"
| #define PACKAGE_TARNAME "djview"
| #define PACKAGE_VERSION "4.11"
| #define PACKAGE_STRING "djview 4.11"
| #define PACKAGE_BUGREPORT ""
| #define PACKAGE_URL ""
| #define PACKAGE "djview"
| #define VERSION "4.11"
| /* end confdefs.h.  */
| 
| int
| main ()
| {
| #ifndef __GNUC__
|        choke me
| #endif
| 
|   ;
|   return 0;
| }
configure:6295: result: no
configure:6304: checking whether gcc accepts -g
configure:6324: gcc -c -g -Wdate-time -D_FORTIFY_SOURCE=2 conftest.m >&5
gcc: error trying to exec 'cc1obj': execvp: No such file or directory
configure:6324: $? = 1
configure: failed program was:
| /* confdefs.h */
| #define PACKAGE_NAME "djview"
| #define PACKAGE_TARNAME "djview"
| #define PACKAGE_VERSION "4.11"
| #define PACKAGE_STRING "djview 4.11"
| #define PACKAGE_BUGREPORT ""
| #define PACKAGE_URL ""
| #define PACKAGE "djview"
| #define VERSION "4.11"
| /* end confdefs.h.  */
| 
| int
| main ()
| {
| 
|   ;
|   return 0;
| }
configure:6339: gcc -c  -Wdate-time -D_FORTIFY_SOURCE=2 conftest.m >&5
gcc: error trying to exec 'cc1obj': execvp: No such file or directory
configure:6339: $? = 1
configure: failed program was:
| /* confdefs.h */
| #define PACKAGE_NAME "djview"
| #define PACKAGE_TARNAME "djview"
| #define PACKAGE_VERSION "4.11"
| #define PACKAGE_STRING "djview 4.11"
| #define PACKAGE_BUGREPORT ""
| #define PACKAGE_URL ""
| #define PACKAGE "djview"
| #define VERSION "4.11"
| /* end confdefs.h.  */
| 
| int
| main ()
| {
| 
|   ;
|   return 0;
| }
configure:6355: gcc -c -g -Wdate-time -D_FORTIFY_SOURCE=2 conftest.m >&5
gcc: error trying to exec 'cc1obj': execvp: No such file or directory
configure:6355: $? = 1
configure: failed program was:
| /* confdefs.h */
| #define PACKAGE_NAME "djview"
| #define PACKAGE_TARNAME "djview"
| #define PACKAGE_VERSION "4.11"
| #define PACKAGE_STRING "djview 4.11"
| #define PACKAGE_BUGREPORT ""
| #define PACKAGE_URL ""
| #define PACKAGE "djview"
| #define VERSION "4.11"
| /* end confdefs.h.  */
| 
| int
| main ()
| {
| 
|   ;
|   return 0;
| }
configure:6365: result: no
configure:6390: checking dependency style of gcc
configure:6499: result: none
configure:6554: checking if g++ accepts -Wall
configure:6558: result: yes
configure:6571: checking if g++ accepts -O2
configure:6575: result: yes
configure:6687: checking how to print strings
configure:6714: result: printf
configure:6735: checking for a sed that does not truncate output
configure:6799: result: /usr/bin/sed
configure:6817: checking for grep that handles long lines and -e
configure:6875: result: /usr/bin/grep
configure:6880: checking for egrep
configure:6942: result: /usr/bin/grep -E
configure:6947: checking for fgrep
configure:7009: result: /usr/bin/grep -F
configure:7044: checking for ld used by gcc
configure:7111: result: /usr/bin/ld
configure:7118: checking if the linker (/usr/bin/ld) is GNU ld
configure:7133: result: yes
configure:7145: checking for BSD- or MS-compatible name lister (nm)
configure:7199: result: /usr/bin/nm -B
configure:7329: checking the name lister (/usr/bin/nm -B) interface
configure:7336: g++ -c  -fdebug-prefix-map=/media/jsbien/MyBookAV/GitHub/djview4=. -fstack-protector-strong -Wformat -Werror=format-security -Wdate-time -D_FORTIFY_SOURCE=2 conftest.cpp >&5
configure:7339: /usr/bin/nm -B "conftest.o"
configure:7342: output
0000000000000000 B some_variable
configure:7343: result: BSD nm
configure:7347: checking the maximum length of command line arguments
configure:7478: result: 1879296
configure:7526: checking how to convert x86_64-pc-linux-gnu file names to x86_64-pc-linux-gnu format
configure:7566: result: func_convert_file_noop
configure:7573: checking how to convert x86_64-pc-linux-gnu file names to toolchain format
configure:7593: result: func_convert_file_noop
configure:7600: checking for /usr/bin/ld option to reload object files
configure:7607: result: -r
configure:7681: checking for objdump
configure:7697: found /usr/bin/objdump
configure:7708: result: objdump
configure:7740: checking how to recognize dependent libraries
configure:7940: result: pass_all
configure:8025: checking for dlltool
configure:8055: result: no
configure:8085: checking how to associate runtime and link libraries
configure:8112: result: printf %s\n
configure:8237: checking for archiver @FILE support
configure:8254: g++ -c  -fdebug-prefix-map=/media/jsbien/MyBookAV/GitHub/djview4=. -fstack-protector-strong -Wformat -Werror=format-security -Wdate-time -D_FORTIFY_SOURCE=2 conftest.cpp >&5
configure:8254: $? = 0
configure:8257: ar cru libconftest.a @conftest.lst >&5
ar: `u' modifier ignored since `D' is the default (see `U')
configure:8260: $? = 0
configure:8265: ar cru libconftest.a @conftest.lst >&5
ar: `u' modifier ignored since `D' is the default (see `U')
ar: conftest.o: No such file or directory
configure:8268: $? = 1
configure:8267: result: @
configure:8325: checking for strip
configure:8341: found /usr/bin/strip
configure:8352: result: strip
configure:8424: checking for ranlib
configure:8440: found /usr/bin/ranlib
configure:8451: result: ranlib
configure:8553: checking command to parse /usr/bin/nm -B output from gcc object
configure:8706: g++ -c  -fdebug-prefix-map=/media/jsbien/MyBookAV/GitHub/djview4=. -fstack-protector-strong -Wformat -Werror=format-security -Wdate-time -D_FORTIFY_SOURCE=2 conftest.cpp >&5
configure:8709: $? = 0
configure:8713: /usr/bin/nm -B conftest.o | sed -n -e 's/^.*[	 ]\([ABCDGIRSTW][ABCDGIRSTW]*\)[	 ][	 ]*\([_A-Za-z][_A-Za-z0-9]*\)$/\1 \2 \2/p' | sed '/ __gnu_lto/d' > conftest.nm
configure:8779: g++ -o conftest  -fdebug-prefix-map=/media/jsbien/MyBookAV/GitHub/djview4=. -fstack-protector-strong -Wformat -Werror=format-security -Wdate-time -D_FORTIFY_SOURCE=2 -Wl,-z,relro -Wl,-z,now conftest.cpp conftstm.o >&5
configure:8782: $? = 0
configure:8820: result: ok
configure:8867: checking for sysroot
configure:8897: result: no
configure:8904: checking for a working dd
configure:8942: result: /usr/bin/dd
configure:8946: checking how to truncate binary pipes
configure:8961: result: /usr/bin/dd bs=4096 count=1
configure:9097: g++ -c  -fdebug-prefix-map=/media/jsbien/MyBookAV/GitHub/djview4=. -fstack-protector-strong -Wformat -Werror=format-security -Wdate-time -D_FORTIFY_SOURCE=2 conftest.cpp >&5
configure:9100: $? = 0
configure:9290: checking for mt
configure:9306: found /usr/bin/mt
configure:9317: result: mt
configure:9340: checking if mt is a manifest tool
configure:9346: mt '-?'
configure:9354: result: no
configure:10031: checking how to run the C preprocessor
configure:10062: gcc -E -Wdate-time -D_FORTIFY_SOURCE=2 conftest.c
configure:10062: $? = 0
configure:10076: gcc -E -Wdate-time -D_FORTIFY_SOURCE=2 conftest.c
conftest.c:11:10: fatal error: ac_nonexistent.h: No such file or directory
 #include <ac_nonexistent.h>
          ^~~~~~~~~~~~~~~~~~
compilation terminated.
configure:10076: $? = 1
configure: failed program was:
| /* confdefs.h */
| #define PACKAGE_NAME "djview"
| #define PACKAGE_TARNAME "djview"
| #define PACKAGE_VERSION "4.11"
| #define PACKAGE_STRING "djview 4.11"
| #define PACKAGE_BUGREPORT ""
| #define PACKAGE_URL ""
| #define PACKAGE "djview"
| #define VERSION "4.11"
| /* end confdefs.h.  */
| #include <ac_nonexistent.h>
configure:10101: result: gcc -E
configure:10121: gcc -E -Wdate-time -D_FORTIFY_SOURCE=2 conftest.c
configure:10121: $? = 0
configure:10135: gcc -E -Wdate-time -D_FORTIFY_SOURCE=2 conftest.c
conftest.c:11:10: fatal error: ac_nonexistent.h: No such file or directory
 #include <ac_nonexistent.h>
          ^~~~~~~~~~~~~~~~~~
compilation terminated.
configure:10135: $? = 1
configure: failed program was:
| /* confdefs.h */
| #define PACKAGE_NAME "djview"
| #define PACKAGE_TARNAME "djview"
| #define PACKAGE_VERSION "4.11"
| #define PACKAGE_STRING "djview 4.11"
| #define PACKAGE_BUGREPORT ""
| #define PACKAGE_URL ""
| #define PACKAGE "djview"
| #define VERSION "4.11"
| /* end confdefs.h.  */
| #include <ac_nonexistent.h>
configure:10164: checking for ANSI C header files
configure:10184: gcc -c  -fdebug-prefix-map=/media/jsbien/MyBookAV/GitHub/djview4=. -fstack-protector-strong -Wformat -Werror=format-security -Wdate-time -D_FORTIFY_SOURCE=2 conftest.c >&5
configure:10184: $? = 0
configure:10257: gcc -o conftest  -fdebug-prefix-map=/media/jsbien/MyBookAV/GitHub/djview4=. -fstack-protector-strong -Wformat -Werror=format-security -Wdate-time -D_FORTIFY_SOURCE=2 -Wl,-z,relro -Wl,-z,now conftest.c  >&5
configure:10257: $? = 0
configure:10257: ./conftest
configure:10257: $? = 0
configure:10268: result: yes
configure:10281: checking for sys/types.h
configure:10281: gcc -c  -fdebug-prefix-map=/media/jsbien/MyBookAV/GitHub/djview4=. -fstack-protector-strong -Wformat -Werror=format-security -Wdate-time -D_FORTIFY_SOURCE=2 conftest.c >&5
configure:10281: $? = 0
configure:10281: result: yes
configure:10281: checking for sys/stat.h
configure:10281: gcc -c  -fdebug-prefix-map=/media/jsbien/MyBookAV/GitHub/djview4=. -fstack-protector-strong -Wformat -Werror=format-security -Wdate-time -D_FORTIFY_SOURCE=2 conftest.c >&5
configure:10281: $? = 0
configure:10281: result: yes
configure:10281: checking for stdlib.h
configure:10281: gcc -c  -fdebug-prefix-map=/media/jsbien/MyBookAV/GitHub/djview4=. -fstack-protector-strong -Wformat -Werror=format-security -Wdate-time -D_FORTIFY_SOURCE=2 conftest.c >&5
configure:10281: $? = 0
configure:10281: result: yes
configure:10281: checking for string.h
configure:10281: gcc -c  -fdebug-prefix-map=/media/jsbien/MyBookAV/GitHub/djview4=. -fstack-protector-strong -Wformat -Werror=format-security -Wdate-time -D_FORTIFY_SOURCE=2 conftest.c >&5
configure:10281: $? = 0
configure:10281: result: yes
configure:10281: checking for memory.h
configure:10281: gcc -c  -fdebug-prefix-map=/media/jsbien/MyBookAV/GitHub/djview4=. -fstack-protector-strong -Wformat -Werror=format-security -Wdate-time -D_FORTIFY_SOURCE=2 conftest.c >&5
configure:10281: $? = 0
configure:10281: result: yes
configure:10281: checking for strings.h
configure:10281: gcc -c  -fdebug-prefix-map=/media/jsbien/MyBookAV/GitHub/djview4=. -fstack-protector-strong -Wformat -Werror=format-security -Wdate-time -D_FORTIFY_SOURCE=2 conftest.c >&5
configure:10281: $? = 0
configure:10281: result: yes
configure:10281: checking for inttypes.h
configure:10281: gcc -c  -fdebug-prefix-map=/media/jsbien/MyBookAV/GitHub/djview4=. -fstack-protector-strong -Wformat -Werror=format-security -Wdate-time -D_FORTIFY_SOURCE=2 conftest.c >&5
configure:10281: $? = 0
configure:10281: result: yes
configure:10281: checking for stdint.h
configure:10281: gcc -c  -fdebug-prefix-map=/media/jsbien/MyBookAV/GitHub/djview4=. -fstack-protector-strong -Wformat -Werror=format-security -Wdate-time -D_FORTIFY_SOURCE=2 conftest.c >&5
configure:10281: $? = 0
configure:10281: result: yes
configure:10281: checking for unistd.h
configure:10281: gcc -c  -fdebug-prefix-map=/media/jsbien/MyBookAV/GitHub/djview4=. -fstack-protector-strong -Wformat -Werror=format-security -Wdate-time -D_FORTIFY_SOURCE=2 conftest.c >&5
configure:10281: $? = 0
configure:10281: result: yes
configure:10295: checking for dlfcn.h
configure:10295: gcc -c  -fdebug-prefix-map=/media/jsbien/MyBookAV/GitHub/djview4=. -fstack-protector-strong -Wformat -Werror=format-security -Wdate-time -D_FORTIFY_SOURCE=2 conftest.c >&5
configure:10295: $? = 0
configure:10295: result: yes
configure:10531: checking for objdir
configure:10546: result: .libs
configure:10810: checking if gcc supports -fno-rtti -fno-exceptions
configure:10828: gcc -c  -fdebug-prefix-map=/media/jsbien/MyBookAV/GitHub/djview4=. -fstack-protector-strong -Wformat -Werror=format-security -Wdate-time -D_FORTIFY_SOURCE=2 -fno-rtti -fno-exceptions conftest.c >&5
cc1: warning: command line option '-fno-rtti' is valid for C++/ObjC++ but not for C
configure:10832: $? = 0
configure:10845: result: no
configure:11203: checking for gcc option to produce PIC
configure:11210: result: -fPIC -DPIC
configure:11218: checking if gcc PIC flag -fPIC -DPIC works
configure:11236: gcc -c  -fdebug-prefix-map=/media/jsbien/MyBookAV/GitHub/djview4=. -fstack-protector-strong -Wformat -Werror=format-security -Wdate-time -D_FORTIFY_SOURCE=2 -fPIC -DPIC -DPIC conftest.c >&5
configure:11240: $? = 0
configure:11253: result: yes
configure:11282: checking if gcc static flag -static works
configure:11310: result: yes
configure:11325: checking if gcc supports -c -o file.o
configure:11346: gcc -c  -fdebug-prefix-map=/media/jsbien/MyBookAV/GitHub/djview4=. -fstack-protector-strong -Wformat -Werror=format-security -Wdate-time -D_FORTIFY_SOURCE=2 -o out/conftest2.o conftest.c >&5
configure:11350: $? = 0
configure:11372: result: yes
configure:11380: checking if gcc supports -c -o file.o
configure:11427: result: yes
configure:11460: checking whether the gcc linker (/usr/bin/ld -m elf_x86_64) supports shared libraries
configure:12723: result: yes
configure:12760: checking whether -lc should be explicitly linked in
configure:12768: gcc -c  -fdebug-prefix-map=/media/jsbien/MyBookAV/GitHub/djview4=. -fstack-protector-strong -Wformat -Werror=format-security -Wdate-time -D_FORTIFY_SOURCE=2 conftest.c >&5
configure:12771: $? = 0
configure:12786: gcc -shared  -fPIC -DPIC conftest.o  -v -Wl,-soname -Wl,conftest -o conftest 2\>\&1 \| /usr/bin/grep  -lc  \>/dev/null 2\>\&1
configure:12789: $? = 0
configure:12803: result: no
configure:12963: checking dynamic linker characteristics
configure:13544: gcc -o conftest  -fdebug-prefix-map=/media/jsbien/MyBookAV/GitHub/djview4=. -fstack-protector-strong -Wformat -Werror=format-security -Wdate-time -D_FORTIFY_SOURCE=2 -Wl,-z,relro -Wl,-z,now -Wl,-rpath -Wl,/foo conftest.c  >&5
configure:13544: $? = 0
configure:13793: result: GNU/Linux ld.so
configure:13915: checking how to hardcode library paths into programs
configure:13940: result: immediate
configure:14488: checking whether stripping libraries is possible
configure:14493: result: yes
configure:14528: checking if libtool supports shared libraries
configure:14530: result: yes
configure:14533: checking whether to build shared libraries
configure:14558: result: yes
configure:14561: checking whether to build static libraries
configure:14565: result: no
configure:11364: checking how to run the C++ preprocessor
configure:11391: g++ -E -Wdate-time -D_FORTIFY_SOURCE=2 conftest.cpp
configure:11391: $? = 0
configure:11405: g++ -E -Wdate-time -D_FORTIFY_SOURCE=2 conftest.cpp
conftest.cpp:23:10: fatal error: ac_nonexistent.h: No such file or directory
 #include <ac_nonexistent.h>
          ^~~~~~~~~~~~~~~~~~
compilation terminated.
configure:11405: $? = 1
configure: failed program was:
| /* confdefs.h */
| #define PACKAGE_NAME "djview"
| #define PACKAGE_TARNAME "djview"
| #define PACKAGE_VERSION "4.11"
| #define PACKAGE_STRING "djview 4.11"
| #define PACKAGE_BUGREPORT ""
| #define PACKAGE_URL ""
| #define PACKAGE "djview"
| #define VERSION "4.11"
| #define STDC_HEADERS 1
| #define HAVE_SYS_TYPES_H 1
| #define HAVE_SYS_STAT_H 1
| #define HAVE_STDLIB_H 1
| #define HAVE_STRING_H 1
| #define HAVE_MEMORY_H 1
| #define HAVE_STRINGS_H 1
| #define HAVE_INTTYPES_H 1
| #define HAVE_STDINT_H 1
| #define HAVE_UNISTD_H 1
| #define HAVE_DLFCN_H 1
| #define LT_OBJDIR ".libs/"
| /* end confdefs.h.  */
| #include <ac_nonexistent.h>
configure:11430: result: g++ -E
configure:11450: g++ -E -Wdate-time -D_FORTIFY_SOURCE=2 conftest.cpp
configure:11450: $? = 0
configure:11464: g++ -E -Wdate-time -D_FORTIFY_SOURCE=2 conftest.cpp
conftest.cpp:23:10: fatal error: ac_nonexistent.h: No such file or directory
 #include <ac_nonexistent.h>
          ^~~~~~~~~~~~~~~~~~
compilation terminated.
configure:11464: $? = 1
configure: failed program was:
| /* confdefs.h */
| #define PACKAGE_NAME "djview"
| #define PACKAGE_TARNAME "djview"
| #define PACKAGE_VERSION "4.11"
| #define PACKAGE_STRING "djview 4.11"
| #define PACKAGE_BUGREPORT ""
| #define PACKAGE_URL ""
| #define PACKAGE "djview"
| #define VERSION "4.11"
| #define STDC_HEADERS 1
| #define HAVE_SYS_TYPES_H 1
| #define HAVE_SYS_STAT_H 1
| #define HAVE_STDLIB_H 1
| #define HAVE_STRING_H 1
| #define HAVE_MEMORY_H 1
| #define HAVE_STRINGS_H 1
| #define HAVE_INTTYPES_H 1
| #define HAVE_STDINT_H 1
| #define HAVE_UNISTD_H 1
| #define HAVE_DLFCN_H 1
| #define LT_OBJDIR ".libs/"
| /* end confdefs.h.  */
| #include <ac_nonexistent.h>
configure:11626: checking for ld used by g++
configure:11693: result: /usr/bin/ld -m elf_x86_64
configure:11700: checking if the linker (/usr/bin/ld -m elf_x86_64) is GNU ld
configure:11715: result: yes
configure:11770: checking whether the g++ linker (/usr/bin/ld -m elf_x86_64) supports shared libraries
configure:12843: result: yes
configure:12879: g++ -c  -fdebug-prefix-map=/media/jsbien/MyBookAV/GitHub/djview4=. -fstack-protector-strong -Wformat -Werror=format-security -Wdate-time -D_FORTIFY_SOURCE=2 conftest.cpp >&5
configure:12882: $? = 0
configure:13363: checking for g++ option to produce PIC
configure:13370: result: -fPIC -DPIC
configure:13378: checking if g++ PIC flag -fPIC -DPIC works
configure:13396: g++ -c  -fdebug-prefix-map=/media/jsbien/MyBookAV/GitHub/djview4=. -fstack-protector-strong -Wformat -Werror=format-security -Wdate-time -D_FORTIFY_SOURCE=2 -fPIC -DPIC -DPIC conftest.cpp >&5
configure:13400: $? = 0
configure:13413: result: yes
configure:13436: checking if g++ static flag -static works
configure:13464: result: yes
configure:13476: checking if g++ supports -c -o file.o
configure:13497: g++ -c  -fdebug-prefix-map=/media/jsbien/MyBookAV/GitHub/djview4=. -fstack-protector-strong -Wformat -Werror=format-security -Wdate-time -D_FORTIFY_SOURCE=2 -o out/conftest2.o conftest.cpp >&5
configure:13501: $? = 0
configure:13523: result: yes
configure:13528: checking if g++ supports -c -o file.o
configure:13575: result: yes
configure:13605: checking whether the g++ linker (/usr/bin/ld -m elf_x86_64) supports shared libraries
configure:13648: result: yes
configure:13789: checking dynamic linker characteristics
configure:14546: result: GNU/Linux ld.so
configure:14611: checking how to hardcode library paths into programs
configure:14636: result: immediate
configure:13532: checking for rsvg-convert
configure:13550: found /usr/bin/rsvg-convert
configure:13563: result: /usr/bin/rsvg-convert
configure:13573: checking for inkscape
configure:13591: found /usr/bin/inkscape
configure:13604: result: /usr/bin/inkscape
configure:13614: checking for convert
configure:13632: found /usr/bin/convert
configure:13645: result: /usr/bin/convert
configure:13700: checking for ANSI C header files
configure:13804: result: yes
configure:13815: checking for dirent.h that defines DIR
configure:13834: g++ -c  -fdebug-prefix-map=/media/jsbien/MyBookAV/GitHub/djview4=. -fstack-protector-strong -Wformat -Werror=format-security -Wdate-time -D_FORTIFY_SOURCE=2 conftest.cpp >&5
configure:13834: $? = 0
configure:13842: result: yes
configure:13855: checking for library containing opendir
configure:13886: g++ -o conftest  -fdebug-prefix-map=/media/jsbien/MyBookAV/GitHub/djview4=. -fstack-protector-strong -Wformat -Werror=format-security -Wdate-time -D_FORTIFY_SOURCE=2 -Wl,-z,relro -Wl,-z,now conftest.cpp  >&5
configure:13886: $? = 0
configure:13903: result: none required
configure:13970: checking whether time.h and sys/time.h may both be included
configure:13990: g++ -c  -fdebug-prefix-map=/media/jsbien/MyBookAV/GitHub/djview4=. -fstack-protector-strong -Wformat -Werror=format-security -Wdate-time -D_FORTIFY_SOURCE=2 conftest.cpp >&5
configure:13990: $? = 0
configure:13997: result: yes
configure:14005: checking for sys/wait.h that is POSIX.1 compatible
configure:14031: g++ -c  -fdebug-prefix-map=/media/jsbien/MyBookAV/GitHub/djview4=. -fstack-protector-strong -Wformat -Werror=format-security -Wdate-time -D_FORTIFY_SOURCE=2 conftest.cpp >&5
configure:14031: $? = 0
configure:14038: result: yes
configure:14049: checking for unistd.h
configure:14049: result: yes
configure:14049: checking for string.h
configure:14049: result: yes
configure:14049: checking for strings.h
configure:14049: result: yes
configure:14049: checking getopt.h usability
configure:14049: g++ -c  -fdebug-prefix-map=/media/jsbien/MyBookAV/GitHub/djview4=. -fstack-protector-strong -Wformat -Werror=format-security -Wdate-time -D_FORTIFY_SOURCE=2 conftest.cpp >&5
configure:14049: $? = 0
configure:14049: result: yes
configure:14049: checking getopt.h presence
configure:14049: g++ -E -Wdate-time -D_FORTIFY_SOURCE=2 conftest.cpp
configure:14049: $? = 0
configure:14049: result: yes
configure:14049: checking for getopt.h
configure:14049: result: yes
configure:14065: checking for pid_t
configure:14065: g++ -c  -fdebug-prefix-map=/media/jsbien/MyBookAV/GitHub/djview4=. -fstack-protector-strong -Wformat -Werror=format-security -Wdate-time -D_FORTIFY_SOURCE=2 conftest.cpp >&5
configure:14065: $? = 0
configure:14065: g++ -c  -fdebug-prefix-map=/media/jsbien/MyBookAV/GitHub/djview4=. -fstack-protector-strong -Wformat -Werror=format-security -Wdate-time -D_FORTIFY_SOURCE=2 conftest.cpp >&5
conftest.cpp: In function 'int main()':
conftest.cpp:67:19: error: expected primary-expression before ')' token
 if (sizeof ((pid_t)))
                   ^
configure:14065: $? = 1
configure: failed program was:
| /* confdefs.h */
| #define PACKAGE_NAME "djview"
| #define PACKAGE_TARNAME "djview"
| #define PACKAGE_VERSION "4.11"
| #define PACKAGE_STRING "djview 4.11"
| #define PACKAGE_BUGREPORT ""
| #define PACKAGE_URL ""
| #define PACKAGE "djview"
| #define VERSION "4.11"
| #define STDC_HEADERS 1
| #define HAVE_SYS_TYPES_H 1
| #define HAVE_SYS_STAT_H 1
| #define HAVE_STDLIB_H 1
| #define HAVE_STRING_H 1
| #define HAVE_MEMORY_H 1
| #define HAVE_STRINGS_H 1
| #define HAVE_INTTYPES_H 1
| #define HAVE_STDINT_H 1
| #define HAVE_UNISTD_H 1
| #define HAVE_DLFCN_H 1
| #define LT_OBJDIR ".libs/"
| #define STDC_HEADERS 1
| #define HAVE_DIRENT_H 1
| #define TIME_WITH_SYS_TIME 1
| #define HAVE_SYS_WAIT_H 1
| #define HAVE_UNISTD_H 1
| #define HAVE_STRING_H 1
| #define HAVE_STRINGS_H 1
| #define HAVE_GETOPT_H 1
| /* end confdefs.h.  */
| #include <stdio.h>
| #ifdef HAVE_SYS_TYPES_H
| # include <sys/types.h>
| #endif
| #ifdef HAVE_SYS_STAT_H
| # include <sys/stat.h>
| #endif
| #ifdef STDC_HEADERS
| # include <stdlib.h>
| # include <stddef.h>
| #else
| # ifdef HAVE_STDLIB_H
| #  include <stdlib.h>
| # endif
| #endif
| #ifdef HAVE_STRING_H
| # if !defined STDC_HEADERS && defined HAVE_MEMORY_H
| #  include <memory.h>
| # endif
| # include <string.h>
| #endif
| #ifdef HAVE_STRINGS_H
| # include <strings.h>
| #endif
| #ifdef HAVE_INTTYPES_H
| # include <inttypes.h>
| #endif
| #ifdef HAVE_STDINT_H
| # include <stdint.h>
| #endif
| #ifdef HAVE_UNISTD_H
| # include <unistd.h>
| #endif
| int
| main ()
| {
| if (sizeof ((pid_t)))
| 	    return 0;
|   ;
|   return 0;
| }
configure:14065: result: yes
configure:14078: checking vfork.h usability
configure:14078: g++ -c  -fdebug-prefix-map=/media/jsbien/MyBookAV/GitHub/djview4=. -fstack-protector-strong -Wformat -Werror=format-security -Wdate-time -D_FORTIFY_SOURCE=2 conftest.cpp >&5
conftest.cpp:64:10: fatal error: vfork.h: No such file or directory
 #include <vfork.h>
          ^~~~~~~~~
compilation terminated.
configure:14078: $? = 1
configure: failed program was:
| /* confdefs.h */
| #define PACKAGE_NAME "djview"
| #define PACKAGE_TARNAME "djview"
| #define PACKAGE_VERSION "4.11"
| #define PACKAGE_STRING "djview 4.11"
| #define PACKAGE_BUGREPORT ""
| #define PACKAGE_URL ""
| #define PACKAGE "djview"
| #define VERSION "4.11"
| #define STDC_HEADERS 1
| #define HAVE_SYS_TYPES_H 1
| #define HAVE_SYS_STAT_H 1
| #define HAVE_STDLIB_H 1
| #define HAVE_STRING_H 1
| #define HAVE_MEMORY_H 1
| #define HAVE_STRINGS_H 1
| #define HAVE_INTTYPES_H 1
| #define HAVE_STDINT_H 1
| #define HAVE_UNISTD_H 1
| #define HAVE_DLFCN_H 1
| #define LT_OBJDIR ".libs/"
| #define STDC_HEADERS 1
| #define HAVE_DIRENT_H 1
| #define TIME_WITH_SYS_TIME 1
| #define HAVE_SYS_WAIT_H 1
| #define HAVE_UNISTD_H 1
| #define HAVE_STRING_H 1
| #define HAVE_STRINGS_H 1
| #define HAVE_GETOPT_H 1
| /* end confdefs.h.  */
| #include <stdio.h>
| #ifdef HAVE_SYS_TYPES_H
| # include <sys/types.h>
| #endif
| #ifdef HAVE_SYS_STAT_H
| # include <sys/stat.h>
| #endif
| #ifdef STDC_HEADERS
| # include <stdlib.h>
| # include <stddef.h>
| #else
| # ifdef HAVE_STDLIB_H
| #  include <stdlib.h>
| # endif
| #endif
| #ifdef HAVE_STRING_H
| # if !defined STDC_HEADERS && defined HAVE_MEMORY_H
| #  include <memory.h>
| # endif
| # include <string.h>
| #endif
| #ifdef HAVE_STRINGS_H
| # include <strings.h>
| #endif
| #ifdef HAVE_INTTYPES_H
| # include <inttypes.h>
| #endif
| #ifdef HAVE_STDINT_H
| # include <stdint.h>
| #endif
| #ifdef HAVE_UNISTD_H
| # include <unistd.h>
| #endif
| #include <vfork.h>
configure:14078: result: no
configure:14078: checking vfork.h presence
configure:14078: g++ -E -Wdate-time -D_FORTIFY_SOURCE=2 conftest.cpp
conftest.cpp:31:10: fatal error: vfork.h: No such file or directory
 #include <vfork.h>
          ^~~~~~~~~
compilation terminated.
configure:14078: $? = 1
configure: failed program was:
| /* confdefs.h */
| #define PACKAGE_NAME "djview"
| #define PACKAGE_TARNAME "djview"
| #define PACKAGE_VERSION "4.11"
| #define PACKAGE_STRING "djview 4.11"
| #define PACKAGE_BUGREPORT ""
| #define PACKAGE_URL ""
| #define PACKAGE "djview"
| #define VERSION "4.11"
| #define STDC_HEADERS 1
| #define HAVE_SYS_TYPES_H 1
| #define HAVE_SYS_STAT_H 1
| #define HAVE_STDLIB_H 1
| #define HAVE_STRING_H 1
| #define HAVE_MEMORY_H 1
| #define HAVE_STRINGS_H 1
| #define HAVE_INTTYPES_H 1
| #define HAVE_STDINT_H 1
| #define HAVE_UNISTD_H 1
| #define HAVE_DLFCN_H 1
| #define LT_OBJDIR ".libs/"
| #define STDC_HEADERS 1
| #define HAVE_DIRENT_H 1
| #define TIME_WITH_SYS_TIME 1
| #define HAVE_SYS_WAIT_H 1
| #define HAVE_UNISTD_H 1
| #define HAVE_STRING_H 1
| #define HAVE_STRINGS_H 1
| #define HAVE_GETOPT_H 1
| /* end confdefs.h.  */
| #include <vfork.h>
configure:14078: result: no
configure:14078: checking for vfork.h
configure:14078: result: no
configure:14091: checking for fork
configure:14091: g++ -o conftest  -fdebug-prefix-map=/media/jsbien/MyBookAV/GitHub/djview4=. -fstack-protector-strong -Wformat -Werror=format-security -Wdate-time -D_FORTIFY_SOURCE=2 -Wl,-z,relro -Wl,-z,now conftest.cpp  >&5
conftest.cpp:54:6: warning: declaration of 'char fork()' conflicts with built-in declaration 'int fork()' [-Wbuiltin-declaration-mismatch]
 char fork ();
      ^~~~
configure:14091: $? = 0
configure:14091: result: yes
configure:14091: checking for vfork
configure:14091: g++ -o conftest  -fdebug-prefix-map=/media/jsbien/MyBookAV/GitHub/djview4=. -fstack-protector-strong -Wformat -Werror=format-security -Wdate-time -D_FORTIFY_SOURCE=2 -Wl,-z,relro -Wl,-z,now conftest.cpp  >&5
configure:14091: $? = 0
configure:14091: result: yes
configure:14101: checking for working fork
configure:14123: g++ -o conftest  -fdebug-prefix-map=/media/jsbien/MyBookAV/GitHub/djview4=. -fstack-protector-strong -Wformat -Werror=format-security -Wdate-time -D_FORTIFY_SOURCE=2 -Wl,-z,relro -Wl,-z,now conftest.cpp  >&5
configure:14123: $? = 0
configure:14123: ./conftest
configure:14123: $? = 0
configure:14133: result: yes
configure:14154: checking for working vfork
configure:14264: result: yes
configure:14289: checking for _LARGEFILE_SOURCE value needed for large files
configure:14308: g++ -o conftest  -fdebug-prefix-map=/media/jsbien/MyBookAV/GitHub/djview4=. -fstack-protector-strong -Wformat -Werror=format-security -Wdate-time -D_FORTIFY_SOURCE=2 -Wl,-z,relro -Wl,-z,now conftest.cpp  >&5
configure:14308: $? = 0
configure:14336: result: no
configure:14360: checking for sigaction
configure:14360: g++ -o conftest  -fdebug-prefix-map=/media/jsbien/MyBookAV/GitHub/djview4=. -fstack-protector-strong -Wformat -Werror=format-security -Wdate-time -D_FORTIFY_SOURCE=2 -Wl,-z,relro -Wl,-z,now conftest.cpp  >&5
configure:14360: $? = 0
configure:14360: result: yes
configure:14360: checking for strerror
configure:14360: g++ -o conftest  -fdebug-prefix-map=/media/jsbien/MyBookAV/GitHub/djview4=. -fstack-protector-strong -Wformat -Werror=format-security -Wdate-time -D_FORTIFY_SOURCE=2 -Wl,-z,relro -Wl,-z,now conftest.cpp  >&5
configure:14360: $? = 0
configure:14360: result: yes
configure:14360: checking for waitpid
configure:14360: g++ -o conftest  -fdebug-prefix-map=/media/jsbien/MyBookAV/GitHub/djview4=. -fstack-protector-strong -Wformat -Werror=format-security -Wdate-time -D_FORTIFY_SOURCE=2 -Wl,-z,relro -Wl,-z,now conftest.cpp  >&5
configure:14360: $? = 0
configure:14360: result: yes
configure:14360: checking for wait3
configure:14360: g++ -o conftest  -fdebug-prefix-map=/media/jsbien/MyBookAV/GitHub/djview4=. -fstack-protector-strong -Wformat -Werror=format-security -Wdate-time -D_FORTIFY_SOURCE=2 -Wl,-z,relro -Wl,-z,now conftest.cpp  >&5
configure:14360: $? = 0
configure:14360: result: yes
configure:14380: checking for pkg-config
configure:14398: found /usr/bin/pkg-config
configure:14410: result: /usr/bin/pkg-config
configure:14427: checking for X
configure:14535: g++ -E -Wdate-time -D_FORTIFY_SOURCE=2 conftest.cpp
configure:14535: $? = 0
configure:14566: g++ -o conftest  -fdebug-prefix-map=/media/jsbien/MyBookAV/GitHub/djview4=. -fstack-protector-strong -Wformat -Werror=format-security -Wdate-time -D_FORTIFY_SOURCE=2 -Wl,-z,relro -Wl,-z,now conftest.cpp -lX11  >&5
configure:14566: $? = 0
configure:14616: result: libraries , headers 
configure:14715: g++ -o conftest  -fdebug-prefix-map=/media/jsbien/MyBookAV/GitHub/djview4=. -fstack-protector-strong -Wformat -Werror=format-security -Wdate-time -D_FORTIFY_SOURCE=2 -Wl,-z,relro -Wl,-z,now conftest.cpp   -lX11 >&5
configure:14715: $? = 0
configure:14813: checking for gethostbyname
configure:14813: g++ -o conftest  -fdebug-prefix-map=/media/jsbien/MyBookAV/GitHub/djview4=. -fstack-protector-strong -Wformat -Werror=format-security -Wdate-time -D_FORTIFY_SOURCE=2 -Wl,-z,relro -Wl,-z,now conftest.cpp  >&5
configure:14813: $? = 0
configure:14813: result: yes
configure:14910: checking for connect
configure:14910: g++ -o conftest  -fdebug-prefix-map=/media/jsbien/MyBookAV/GitHub/djview4=. -fstack-protector-strong -Wformat -Werror=format-security -Wdate-time -D_FORTIFY_SOURCE=2 -Wl,-z,relro -Wl,-z,now conftest.cpp  >&5
configure:14910: $? = 0
configure:14910: result: yes
configure:14959: checking for remove
configure:14959: g++ -o conftest  -fdebug-prefix-map=/media/jsbien/MyBookAV/GitHub/djview4=. -fstack-protector-strong -Wformat -Werror=format-security -Wdate-time -D_FORTIFY_SOURCE=2 -Wl,-z,relro -Wl,-z,now conftest.cpp  >&5
configure:14959: $? = 0
configure:14959: result: yes
configure:15008: checking for shmat
configure:15008: g++ -o conftest  -fdebug-prefix-map=/media/jsbien/MyBookAV/GitHub/djview4=. -fstack-protector-strong -Wformat -Werror=format-security -Wdate-time -D_FORTIFY_SOURCE=2 -Wl,-z,relro -Wl,-z,now conftest.cpp  >&5
configure:15008: $? = 0
configure:15008: result: yes
configure:15066: checking for IceConnectionNumber in -lICE
configure:15091: g++ -o conftest  -fdebug-prefix-map=/media/jsbien/MyBookAV/GitHub/djview4=. -fstack-protector-strong -Wformat -Werror=format-security -Wdate-time -D_FORTIFY_SOURCE=2 -Wl,-z,relro -Wl,-z,now conftest.cpp -lICE   >&5
configure:15091: $? = 0
configure:15100: result: yes
configure:15139: checking for qmake
configure:15157: found /usr/bin/qmake
configure:15169: result: /usr/bin/qmake
configure:15204: checking Qt version
configure:15213: result: qt5 (5.11.3)
configure:15235: checking for real qmake path
configure:15238: result: /usr/lib/qt5/bin/qmake
configure:15247: checking for moc
configure:15265: found /usr/lib/qt5/bin/moc
configure:15277: result: /usr/lib/qt5/bin/moc
configure:15292: checking for uic
configure:15310: found /usr/lib/qt5/bin/uic
configure:15322: result: /usr/lib/qt5/bin/uic
configure:15337: checking for rcc
configure:15355: found /usr/lib/qt5/bin/rcc
configure:15367: result: /usr/lib/qt5/bin/rcc
configure:15382: checking for lupdate
configure:15400: found /usr/lib/qt5/bin/lupdate
configure:15412: result: /usr/lib/qt5/bin/lupdate
configure:15427: checking for lrelease
configure:15445: found /usr/lib/qt5/bin/lrelease
configure:15457: result: /usr/lib/qt5/bin/lrelease
configure:15475: checking for ddjvuapi
configure:15487: result: found
configure:15534: checking for the libtiff library
configure:15564: g++ -o conftest  -fdebug-prefix-map=/media/jsbien/MyBookAV/GitHub/djview4=. -fstack-protector-strong -Wformat -Werror=format-security  -Wdate-time -D_FORTIFY_SOURCE=2 -Wl,-z,relro -Wl,-z,now conftest.cpp  -ltiff >&5
configure:15564: $? = 0
configure:15574: result: yes
configure:15605: checking for X
configure:15794: result: libraries , headers 
configure:15893: g++ -o conftest  -fdebug-prefix-map=/media/jsbien/MyBookAV/GitHub/djview4=. -fstack-protector-strong -Wformat -Werror=format-security -Wdate-time -D_FORTIFY_SOURCE=2 -Wl,-z,relro -Wl,-z,now conftest.cpp   -lX11 >&5
configure:15893: $? = 0
configure:15991: checking for gethostbyname
configure:15991: result: yes
configure:16088: checking for connect
configure:16088: result: yes
configure:16137: checking for remove
configure:16137: result: yes
configure:16186: checking for shmat
configure:16186: result: yes
configure:16244: checking for IceConnectionNumber in -lICE
configure:16278: result: yes
configure:16302: checking for glib
configure:16307: result: found
configure:16330: checking X11/Shell.h usability
configure:16330: g++ -c  -fdebug-prefix-map=/media/jsbien/MyBookAV/GitHub/djview4=. -fstack-protector-strong -Wformat -Werror=format-security -Wdate-time -D_FORTIFY_SOURCE=2 conftest.cpp >&5
configure:16330: $? = 0
configure:16330: result: yes
configure:16330: checking X11/Shell.h presence
configure:16330: g++ -E -Wdate-time -D_FORTIFY_SOURCE=2 conftest.cpp
configure:16330: $? = 0
configure:16330: result: yes
configure:16330: checking for X11/Shell.h
configure:16330: result: yes
configure:16338: checking X11/IntrinsicP.h usability
configure:16338: g++ -c  -fdebug-prefix-map=/media/jsbien/MyBookAV/GitHub/djview4=. -fstack-protector-strong -Wformat -Werror=format-security -Wdate-time -D_FORTIFY_SOURCE=2 conftest.cpp >&5
configure:16338: $? = 0
configure:16338: result: yes
configure:16338: checking X11/IntrinsicP.h presence
configure:16338: g++ -E -Wdate-time -D_FORTIFY_SOURCE=2 conftest.cpp
configure:16338: $? = 0
configure:16338: result: yes
configure:16338: checking for X11/IntrinsicP.h
configure:16338: result: yes
configure:16689: checking that generated files are newer than configure
configure:16695: result: done
configure:16762: creating ./config.status

## ---------------------- ##
## Running config.status. ##
## ---------------------- ##

This file was extended by djview config.status 4.11, which was
generated by GNU Autoconf 2.69.  Invocation command line was

  CONFIG_FILES    = 
  CONFIG_HEADERS  = 
  CONFIG_LINKS    = 
  CONFIG_COMMANDS = 
  $ ./config.status 

on debian

config.status:1232: creating Makefile
config.status:1232: creating src/Makefile
config.status:1232: creating nsdejavu/Makefile
config.status:1232: creating desktopfiles/Makefile
config.status:1232: creating npdjvu/Makefile
config.status:1232: creating mac/Makefile
config.status:1232: creating mac/mdimporter_src/Makefile
config.status:1232: creating mac/qlgenerator_src/Makefile
config.status:1232: creating config.h
config.status:1461: executing depfiles commands
config.status:1461: executing libtool commands
configure:19173: WARNING: unrecognized options: --disable-maintainer-mode

## ---------------- ##
## Cache variables. ##
## ---------------- ##

ac_cv_build=x86_64-pc-linux-gnu
ac_cv_c_compiler_gnu=yes
ac_cv_cxx_compiler_gnu=yes
ac_cv_env_CCC_set=
ac_cv_env_CCC_value=
ac_cv_env_CC_set=
ac_cv_env_CC_value=
ac_cv_env_CFLAGS_set=set
ac_cv_env_CFLAGS_value='-g -O2 -fdebug-prefix-map=/media/jsbien/MyBookAV/GitHub/djview4=. -fstack-protector-strong -Wformat -Werror=format-security'
ac_cv_env_CPPFLAGS_set=set
ac_cv_env_CPPFLAGS_value='-Wdate-time -D_FORTIFY_SOURCE=2'
ac_cv_env_CPP_set=
ac_cv_env_CPP_value=
ac_cv_env_CXXCPP_set=
ac_cv_env_CXXCPP_value=
ac_cv_env_CXXFLAGS_set=set
ac_cv_env_CXXFLAGS_value='-g -O2 -fdebug-prefix-map=/media/jsbien/MyBookAV/GitHub/djview4=. -fstack-protector-strong -Wformat -Werror=format-security'
ac_cv_env_CXX_set=
ac_cv_env_CXX_value=
ac_cv_env_DDJVUAPI_CFLAGS_set=
ac_cv_env_DDJVUAPI_CFLAGS_value=
ac_cv_env_DDJVUAPI_LIBS_set=
ac_cv_env_DDJVUAPI_LIBS_value=
ac_cv_env_GLIB_CFLAGS_set=
ac_cv_env_GLIB_CFLAGS_value=
ac_cv_env_GLIB_LIBS_set=
ac_cv_env_GLIB_LIBS_value=
ac_cv_env_LDFLAGS_set=set
ac_cv_env_LDFLAGS_value='-Wl,-z,relro -Wl,-z,now'
ac_cv_env_LIBS_set=
ac_cv_env_LIBS_value=
ac_cv_env_LRELEASE_set=
ac_cv_env_LRELEASE_value=
ac_cv_env_LT_SYS_LIBRARY_PATH_set=
ac_cv_env_LT_SYS_LIBRARY_PATH_value=
ac_cv_env_LUPDATE_set=
ac_cv_env_LUPDATE_value=
ac_cv_env_MOC_set=
ac_cv_env_MOC_value=
ac_cv_env_OBJCFLAGS_set=set
ac_cv_env_OBJCFLAGS_value='-g -O2 -fdebug-prefix-map=/media/jsbien/MyBookAV/GitHub/djview4=. -fstack-protector-strong -Wformat -Werror=format-security'
ac_cv_env_OBJC_set=
ac_cv_env_OBJC_value=
ac_cv_env_PKG_CONFIG_PATH_set=
ac_cv_env_PKG_CONFIG_PATH_value=
ac_cv_env_PKG_CONFIG_set=
ac_cv_env_PKG_CONFIG_value=
ac_cv_env_QMAKESPEC_set=
ac_cv_env_QMAKESPEC_value=
ac_cv_env_QMAKE_set=
ac_cv_env_QMAKE_value=
ac_cv_env_QTDIR_set=
ac_cv_env_QTDIR_value=
ac_cv_env_RCC_set=
ac_cv_env_RCC_value=
ac_cv_env_TIFF_CFLAGS_set=
ac_cv_env_TIFF_CFLAGS_value=
ac_cv_env_TIFF_LIBS_set=
ac_cv_env_TIFF_LIBS_value=
ac_cv_env_UIC_set=
ac_cv_env_UIC_value=
ac_cv_env_XMKMF_set=
ac_cv_env_XMKMF_value=
ac_cv_env_build_alias_set=set
ac_cv_env_build_alias_value=x86_64-linux-gnu
ac_cv_env_host_alias_set=
ac_cv_env_host_alias_value=
ac_cv_env_target_alias_set=
ac_cv_env_target_alias_value=
ac_cv_func_connect=yes
ac_cv_func_fork=yes
ac_cv_func_fork_works=yes
ac_cv_func_gethostbyname=yes
ac_cv_func_remove=yes
ac_cv_func_shmat=yes
ac_cv_func_sigaction=yes
ac_cv_func_strerror=yes
ac_cv_func_vfork=yes
ac_cv_func_vfork_works=yes
ac_cv_func_wait3=yes
ac_cv_func_waitpid=yes
ac_cv_have_x='have_x=yes	ac_x_includes='\'''\''	ac_x_libraries='\'''\'''
ac_cv_header_X11_IntrinsicP_h=yes
ac_cv_header_X11_Shell_h=yes
ac_cv_header_dirent_dirent_h=yes
ac_cv_header_dlfcn_h=yes
ac_cv_header_getopt_h=yes
ac_cv_header_inttypes_h=yes
ac_cv_header_memory_h=yes
ac_cv_header_stdc=yes
ac_cv_header_stdint_h=yes
ac_cv_header_stdlib_h=yes
ac_cv_header_string_h=yes
ac_cv_header_strings_h=yes
ac_cv_header_sys_stat_h=yes
ac_cv_header_sys_types_h=yes
ac_cv_header_sys_wait_h=yes
ac_cv_header_time=yes
ac_cv_header_unistd_h=yes
ac_cv_header_vfork_h=no
ac_cv_host=x86_64-pc-linux-gnu
ac_cv_lib_ICE_IceConnectionNumber=yes
ac_cv_objc_compiler_gnu=no
ac_cv_objext=o
ac_cv_path_AWK=/usr/bin/awk
ac_cv_path_CONVERT=/usr/bin/convert
ac_cv_path_EGREP='/usr/bin/grep -E'
ac_cv_path_FGREP='/usr/bin/grep -F'
ac_cv_path_GREP=/usr/bin/grep
ac_cv_path_INKSCAPE=/usr/bin/inkscape
ac_cv_path_LRELEASE=/usr/lib/qt5/bin/lrelease
ac_cv_path_LUPDATE=/usr/lib/qt5/bin/lupdate
ac_cv_path_MKDIR=/usr/bin/mkdir
ac_cv_path_MOC=/usr/lib/qt5/bin/moc
ac_cv_path_PKG_CONFIG=/usr/bin/pkg-config
ac_cv_path_QMAKE=/usr/bin/qmake
ac_cv_path_RCC=/usr/lib/qt5/bin/rcc
ac_cv_path_RM=/usr/bin/rm
ac_cv_path_RMDIR=/usr/bin/rmdir
ac_cv_path_RSVG=/usr/bin/rsvg-convert
ac_cv_path_SED=/usr/bin/sed
ac_cv_path_TOUCH=/usr/bin/touch
ac_cv_path_UIC=/usr/lib/qt5/bin/uic
ac_cv_path_install='/usr/bin/install -c'
ac_cv_path_lt_DD=/usr/bin/dd
ac_cv_path_mkdir=/usr/bin/mkdir
ac_cv_prog_AWK=gawk
ac_cv_prog_CPP='gcc -E'
ac_cv_prog_CXXCPP='g++ -E'
ac_cv_prog_ac_ct_AR=ar
ac_cv_prog_ac_ct_CC=gcc
ac_cv_prog_ac_ct_CXX=g++
ac_cv_prog_ac_ct_MANIFEST_TOOL=mt
ac_cv_prog_ac_ct_OBJC=gcc
ac_cv_prog_ac_ct_OBJDUMP=objdump
ac_cv_prog_ac_ct_RANLIB=ranlib
ac_cv_prog_ac_ct_STRIP=strip
ac_cv_prog_cc_c89=
ac_cv_prog_cc_g=yes
ac_cv_prog_cxx_g=yes
ac_cv_prog_make_make_set=yes
ac_cv_prog_objc_g=no
ac_cv_search_opendir='none required'
ac_cv_sys_largefile_source=no
ac_cv_type_pid_t=yes
am_cv_CC_dependencies_compiler_type=none
am_cv_CXX_dependencies_compiler_type=none
am_cv_OBJC_dependencies_compiler_type=none
am_cv_ar_interface=ar
am_cv_make_support_nested_variables=yes
am_cv_prog_cc_c_o=yes
lt_cv_ar_at_file=@
lt_cv_archive_cmds_need_lc=no
lt_cv_deplibs_check_method=pass_all
lt_cv_file_magic_cmd='$MAGIC_CMD'
lt_cv_file_magic_test_file=
lt_cv_ld_reload_flag=-r
lt_cv_nm_interface='BSD nm'
lt_cv_objdir=.libs
lt_cv_path_LD=/usr/bin/ld
lt_cv_path_LDCXX='/usr/bin/ld -m elf_x86_64'
lt_cv_path_NM='/usr/bin/nm -B'
lt_cv_path_mainfest_tool=no
lt_cv_prog_compiler_c_o=yes
lt_cv_prog_compiler_c_o_CXX=yes
lt_cv_prog_compiler_pic='-fPIC -DPIC'
lt_cv_prog_compiler_pic_CXX='-fPIC -DPIC'
lt_cv_prog_compiler_pic_works=yes
lt_cv_prog_compiler_pic_works_CXX=yes
lt_cv_prog_compiler_rtti_exceptions=no
lt_cv_prog_compiler_static_works=yes
lt_cv_prog_compiler_static_works_CXX=yes
lt_cv_prog_gnu_ld=yes
lt_cv_prog_gnu_ldcxx=yes
lt_cv_sharedlib_from_linklib_cmd='printf %s\n'
lt_cv_shlibpath_overrides_runpath=yes
lt_cv_sys_global_symbol_pipe='sed -n -e '\''s/^.*[	 ]\([ABCDGIRSTW][ABCDGIRSTW]*\)[	 ][	 ]*\([_A-Za-z][_A-Za-z0-9]*\)$/\1 \2 \2/p'\'' | sed '\''/ __gnu_lto/d'\'''
lt_cv_sys_global_symbol_to_c_name_address='sed -n -e '\''s/^: \(.*\) .*$/  {"\1", (void *) 0},/p'\'' -e '\''s/^[ABCDGIRSTW][ABCDGIRSTW]* .* \(.*\)$/  {"\1", (void *) \&\1},/p'\'''
lt_cv_sys_global_symbol_to_c_name_address_lib_prefix='sed -n -e '\''s/^: \(.*\) .*$/  {"\1", (void *) 0},/p'\'' -e '\''s/^[ABCDGIRSTW][ABCDGIRSTW]* .* \(lib.*\)$/  {"\1", (void *) \&\1},/p'\'' -e '\''s/^[ABCDGIRSTW][ABCDGIRSTW]* .* \(.*\)$/  {"lib\1", (void *) \&\1},/p'\'''
lt_cv_sys_global_symbol_to_cdecl='sed -n -e '\''s/^T .* \(.*\)$/extern int \1();/p'\'' -e '\''s/^[ABCDGIRSTW][ABCDGIRSTW]* .* \(.*\)$/extern char \1;/p'\'''
lt_cv_sys_global_symbol_to_import=
lt_cv_sys_max_cmd_len=1879296
lt_cv_to_host_file_cmd=func_convert_file_noop
lt_cv_to_tool_file_cmd=func_convert_file_noop
lt_cv_truncate_bin='/usr/bin/dd bs=4096 count=1'

## ----------------- ##
## Output variables. ##
## ----------------- ##

ACLOCAL='${SHELL} /media/jsbien/MyBookAV/GitHub/djview4/config/missing aclocal-1.16'
AMDEPBACKSLASH=''
AMDEP_FALSE=''
AMDEP_TRUE='#'
AMTAR='$${TAR-tar}'
AM_BACKSLASH='\'
AM_DEFAULT_V='$(AM_DEFAULT_VERBOSITY)'
AM_DEFAULT_VERBOSITY='1'
AM_V='$(V)'
AR='ar'
AUTOCONF='${SHELL} /media/jsbien/MyBookAV/GitHub/djview4/config/missing autoconf'
AUTOHEADER='${SHELL} /media/jsbien/MyBookAV/GitHub/djview4/config/missing autoheader'
AUTOMAKE='${SHELL} /media/jsbien/MyBookAV/GitHub/djview4/config/missing automake-1.16'
AWK='/usr/bin/awk'
CC='gcc'
CCDEPMODE='depmode=none'
CFLAGS=' -fdebug-prefix-map=/media/jsbien/MyBookAV/GitHub/djview4=. -fstack-protector-strong -Wformat -Werror=format-security'
CONVERT='/usr/bin/convert'
CPP='gcc -E'
CPPFLAGS='-Wdate-time -D_FORTIFY_SOURCE=2'
CXX='g++'
CXXCPP='g++ -E'
CXXDEPMODE='depmode=none'
CXXFLAGS=' -fdebug-prefix-map=/media/jsbien/MyBookAV/GitHub/djview4=. -fstack-protector-strong -Wformat -Werror=format-security'
CYGPATH_W='echo'
DDJVUAPI_CFLAGS='-pthread'
DDJVUAPI_LIBS='-ldjvulibre'
DEFS='-DHAVE_CONFIG_H'
DEPDIR='.deps'
DLLTOOL='false'
DSYMUTIL=''
DUMPBIN=''
ECHO_C=''
ECHO_N='-n'
ECHO_T=''
EGREP='/usr/bin/grep -E'
EXEEXT=''
FGREP='/usr/bin/grep -F'
GLIB_CFLAGS='-I/usr/include/glib-2.0 -I/usr/lib/x86_64-linux-gnu/glib-2.0/include'
GLIB_LIBS='-lglib-2.0'
GREP='/usr/bin/grep'
HAVE_CONVERSION_CONVERT_FALSE=''
HAVE_CONVERSION_CONVERT_TRUE='#'
HAVE_CONVERSION_INKSCAPE_FALSE=''
HAVE_CONVERSION_INKSCAPE_TRUE='#'
HAVE_CONVERSION_RSVG_FALSE='#'
HAVE_CONVERSION_RSVG_TRUE=''
HAVE_CONVERSION_TOOL_FALSE='#'
HAVE_CONVERSION_TOOL_TRUE=''
INKSCAPE='/usr/bin/inkscape'
INSTALL_DATA='${INSTALL} -m 644'
INSTALL_PROGRAM='${INSTALL}'
INSTALL_SCRIPT='${INSTALL}'
INSTALL_STRIP_PROGRAM='$(install_sh) -c -s'
LD='/usr/bin/ld -m elf_x86_64'
LDFLAGS='-Wl,-z,relro -Wl,-z,now'
LIBOBJS=''
LIBS=''
LIBTOOL='$(SHELL) $(top_builddir)/libtool'
LIBTOOL_DEPS='config/ltmain.sh'
LIPO=''
LN_S='ln -s'
LRELEASE='/usr/lib/qt5/bin/lrelease'
LTLIBOBJS=''
LT_SYS_LIBRARY_PATH=''
LUPDATE='/usr/lib/qt5/bin/lupdate'
MAKEINFO='${SHELL} /media/jsbien/MyBookAV/GitHub/djview4/config/missing makeinfo'
MANIFEST_TOOL=':'
MKDIR='/usr/bin/mkdir'
MKDIR_P='/usr/bin/mkdir -p'
MOC='/usr/lib/qt5/bin/moc'
NM='/usr/bin/nm -B'
NMEDIT=''
NSDEJAVU_CFLAGS='-I/usr/include/glib-2.0 -I/usr/lib/x86_64-linux-gnu/glib-2.0/include '
NSDEJAVU_LIBS=''
OBJC='gcc'
OBJCDEPMODE='depmode=none'
OBJCFLAGS='-g -O2 -fdebug-prefix-map=/media/jsbien/MyBookAV/GitHub/djview4=. -fstack-protector-strong -Wformat -Werror=format-security'
OBJDUMP='objdump'
OBJEXT='o'
OPTS='-DNDEBUG -Wall -O2'
OTOOL64=''
OTOOL=''
PACKAGE='djview'
PACKAGE_BUGREPORT=''
PACKAGE_NAME='djview'
PACKAGE_STRING='djview 4.11'
PACKAGE_TARNAME='djview'
PACKAGE_URL=''
PACKAGE_VERSION='4.11'
PATH_SEPARATOR=':'
PKG_CONFIG='/usr/bin/pkg-config'
PKG_CONFIG_PATH=''
QMAKE='/usr/lib/qt5/bin/qmake'
QMAKEARG='CONFIG+=autoconf CONFIG+=release PACKAGE_VERSION=4.11'
QMAKEFLAGS='-pthread  '
QMAKELIBS='-ldjvulibre -ltiff '
QMAKESPEC=''
QTDIR=''
RANLIB='ranlib'
RCC='/usr/lib/qt5/bin/rcc'
RM='/usr/bin/rm -f'
RMDIR='/usr/bin/rmdir'
RSVG='/usr/bin/rsvg-convert'
SED='/usr/bin/sed'
SET_MAKE=''
SHELL='/bin/bash'
STRIP='strip'
TIFF_CFLAGS=''
TIFF_LIBS='-ltiff'
TOUCH='/usr/bin/touch'
UIC='/usr/lib/qt5/bin/uic'
VERSION='4.11'
WANT_DESKTOPFILES_FALSE='#'
WANT_DESKTOPFILES_TRUE=''
WANT_MAC_FALSE=''
WANT_MAC_TRUE='#'
WANT_NPDJVU_FALSE=''
WANT_NPDJVU_TRUE='#'
WANT_NSDEJAVU_FALSE='#'
WANT_NSDEJAVU_TRUE=''
XMKMF=''
X_CFLAGS=''
X_EXTRA_LIBS=''
X_LIBS=''
X_PRE_LIBS=' -lSM -lICE -lSM -lICE'
ac_ct_AR='ar'
ac_ct_CC='gcc'
ac_ct_CXX='g++'
ac_ct_DUMPBIN=''
ac_ct_OBJC='gcc'
am__EXEEXT_FALSE=''
am__EXEEXT_TRUE='#'
am__fastdepCC_FALSE=''
am__fastdepCC_TRUE='#'
am__fastdepCXX_FALSE=''
am__fastdepCXX_TRUE='#'
am__fastdepOBJC_FALSE=''
am__fastdepOBJC_TRUE='#'
am__include='include'
am__isrc=''
am__leading_dot='.'
am__nodep=''
am__quote=''
am__tar='$${TAR-tar} chof - "$$tardir"'
am__untar='$${TAR-tar} xf -'
bindir='${exec_prefix}/bin'
build='x86_64-pc-linux-gnu'
build_alias='x86_64-linux-gnu'
build_cpu='x86_64'
build_os='linux-gnu'
build_vendor='pc'
datadir='${datarootdir}'
datarootdir='${prefix}/share'
docdir='${datarootdir}/doc/${PACKAGE_TARNAME}'
dvidir='${docdir}'
exec_prefix='${prefix}'
host='x86_64-pc-linux-gnu'
host_alias=''
host_cpu='x86_64'
host_os='linux-gnu'
host_vendor='pc'
htmldir='${docdir}'
includedir='${prefix}/include'
infodir='${prefix}/share/info'
install_sh='${SHELL} /media/jsbien/MyBookAV/GitHub/djview4/config/install-sh'
libdir='${prefix}/lib/x86_64-linux-gnu'
libexecdir='${prefix}/lib/x86_64-linux-gnu'
localedir='${datarootdir}/locale'
localstatedir='/var'
mandir='${prefix}/share/man'
mkdir_p='$(MKDIR_P)'
oldincludedir='/usr/include'
pdfdir='${docdir}'
prefix='/usr'
program_transform_name='s,x,x,'
psdir='${docdir}'
runstatedir='/run'
sbindir='${exec_prefix}/sbin'
sharedstatedir='${prefix}/com'
sysconfdir='/etc'
target_alias=''

## ----------- ##
## confdefs.h. ##
## ----------- ##

/* confdefs.h */
#define PACKAGE_NAME "djview"
#define PACKAGE_TARNAME "djview"
#define PACKAGE_VERSION "4.11"
#define PACKAGE_STRING "djview 4.11"
#define PACKAGE_BUGREPORT ""
#define PACKAGE_URL ""
#define PACKAGE "djview"
#define VERSION "4.11"
#define STDC_HEADERS 1
#define HAVE_SYS_TYPES_H 1
#define HAVE_SYS_STAT_H 1
#define HAVE_STDLIB_H 1
#define HAVE_STRING_H 1
#define HAVE_MEMORY_H 1
#define HAVE_STRINGS_H 1
#define HAVE_INTTYPES_H 1
#define HAVE_STDINT_H 1
#define HAVE_UNISTD_H 1
#define HAVE_DLFCN_H 1
#define LT_OBJDIR ".libs/"
#define STDC_HEADERS 1
#define HAVE_DIRENT_H 1
#define TIME_WITH_SYS_TIME 1
#define HAVE_SYS_WAIT_H 1
#define HAVE_UNISTD_H 1
#define HAVE_STRING_H 1
#define HAVE_STRINGS_H 1
#define HAVE_GETOPT_H 1
#define HAVE_FORK 1
#define HAVE_VFORK 1
#define HAVE_WORKING_VFORK 1
#define HAVE_WORKING_FORK 1
#define HAVE_FSEEKO 1
#define HAVE_SIGACTION 1
#define HAVE_STRERROR 1
#define HAVE_WAITPID 1
#define HAVE_WAIT3 1
#define HAVE_DDJVUAPI 1
#define HAVE_TIFF 1
#define HAVE_GLIB 1
#define HAVE_XT 1
#define DJVIEW_VERSION 0x40b00
#define DJVIEW_VERSION_STR "4.11"
#define RC_VERSION 4,11,0,0
#define RC_VERSION_STR "4,11,0,0\0"

configure: exit 0

## ---------------------- ##
## Running config.status. ##
## ---------------------- ##

This file was extended by djview config.status 4.11, which was
generated by GNU Autoconf 2.69.  Invocation command line was

  CONFIG_FILES    = 
  CONFIG_HEADERS  = 
  CONFIG_LINKS    = 
  CONFIG_COMMANDS = 
  $ ./config.status src/Makefile

on debian

config.status:1232: creating src/Makefile
