jsbien@debian:/media/jsbien/MyBookAV/GitHub$ git clone https://git.code.sf.net/p/djvu/djview-git djvu-djview-git
Cloning into 'djvu-djview-git'...
remote: Enumerating objects: 7213, done.        
remote: Counting objects: 100% (7213/7213), done.        
remote: Compressing objects: 100% (3627/3627), done.        
remote: Total 7213 (delta 5434), reused 4639 (delta 3542)        
Receiving objects: 100% (7213/7213), 2.83 MiB | 558.00 KiB/s, done.
Resolving deltas: 100% (5434/5434), done.
jsbien@debian:/media/jsbien/MyBookAV/GitHub$ cd djvu-djview-git
jsbien@debian:/media/jsbien/MyBookAV/GitHub/djvu-djview-git$ git remote add origin https://github.com/jsbien/djview4.git
fatal: remote origin already exists.
jsbien@debian:/media/jsbien/MyBookAV/GitHub/djvu-djview-git$ git remote add origin https://github.com/jsbien/djview4.git
fatal: remote origin already exists.
jsbien@debian:/media/jsbien/MyBookAV/GitHub/djvu-djview-git$ cd ..
jsbien@debian:/media/jsbien/MyBookAV/GitHub$ git clone https://github.com/jsbien/djview4.git
Cloning into 'djview4'...
remote: Enumerating objects: 3, done.        
remote: Counting objects: 100% (3/3), done.        
remote: Compressing objects: 100% (2/2), done.        
remote: Total 3 (delta 0), reused 0 (delta 0), pack-reused 0        
Unpacking objects: 100% (3/3), done.
jsbien@debian:/media/jsbien/MyBookAV/GitHub$ cd djview4
jsbien@debian:/media/jsbien/MyBookAV/GitHub/djview4$ dpkg-buildpackage -uc -us -b -rfakeroot
dpkg-buildpackage: info: source package djview4
dpkg-buildpackage: info: source version 4.11-2
dpkg-buildpackage: info: source distribution unstable
dpkg-buildpackage: info: source changed by Barak A. Pearlmutter <bap@debian.org>
dpkg-buildpackage: info: host architecture amd64
 dpkg-source --before-build .
dpkg-source: info: using options from djview4/debian/source/local-options: --single-debian-patch
 fakeroot debian/rules clean
dh clean
   dh_clean
 debian/rules build
dh build
   dh_update_autotools_config
   dh_autoreconf
libtoolize: putting auxiliary files in AC_CONFIG_AUX_DIR, 'config'.
libtoolize: copying file 'config/ltmain.sh'
libtoolize: putting macros in AC_CONFIG_MACRO_DIRS, 'config'.
libtoolize: copying file 'config/libtool.m4'
libtoolize: copying file 'config/ltoptions.m4'
libtoolize: copying file 'config/ltsugar.m4'
libtoolize: copying file 'config/ltversion.m4'
libtoolize: copying file 'config/lt~obsolete.m4'
configure.ac:38: installing 'config/ar-lib'
configure.ac:38: installing 'config/compile'
configure.ac:34: installing 'config/config.guess'
configure.ac:34: installing 'config/config.sub'
configure.ac:36: installing 'config/install-sh'
configure.ac:36: installing 'config/missing'
Makefile.am: installing './INSTALL'
mac/mdimporter_src/Makefile.am: installing 'config/depcomp'
   dh_auto_configure
	./configure --build=x86_64-linux-gnu --prefix=/usr --includedir=\${prefix}/include --mandir=\${prefix}/share/man --infodir=\${prefix}/share/info --sysconfdir=/etc --localstatedir=/var --disable-silent-rules --libdir=\${prefix}/lib/x86_64-linux-gnu --libexecdir=\${prefix}/lib/x86_64-linux-gnu --runstatedir=/run --disable-maintainer-mode --disable-dependency-tracking
configure: WARNING: unrecognized options: --disable-maintainer-mode
checking build system type... x86_64-pc-linux-gnu
checking host system type... x86_64-pc-linux-gnu
checking for a BSD-compatible install... /usr/bin/install -c
checking whether build environment is sane... yes
checking for a thread-safe mkdir -p... /usr/bin/mkdir -p
checking for gawk... gawk
checking whether make sets $(MAKE)... yes
checking whether make supports nested variables... yes
checking whether make supports nested variables... (cached) yes
checking whether make supports the include directive... yes (GNU style)
checking for gcc... gcc
checking whether the C compiler works... yes
checking for C compiler default output file name... a.out
checking for suffix of executables... 
checking whether we are cross compiling... no
checking for suffix of object files... o
checking whether we are using the GNU C compiler... yes
checking whether gcc accepts -g... yes
checking for gcc option to accept ISO C89... none needed
checking whether gcc understands -c and -o together... yes
checking dependency style of gcc... none
checking for ar... ar
checking the archiver (ar) interface... ar
checking whether make sets $(MAKE)... (cached) yes
checking whether ln -s works... yes
checking for a sed that does not truncate output... /usr/bin/sed
checking for rm... /usr/bin/rm
checking for rmdir... /usr/bin/rmdir
checking for touch... /usr/bin/touch
checking for mkdir... /usr/bin/mkdir
checking for awk... /usr/bin/awk
checking for rm... (cached) /usr/bin/rm
checking for gcc... (cached) gcc
checking whether we are using the GNU C compiler... (cached) yes
checking whether gcc accepts -g... (cached) yes
checking for gcc option to accept ISO C89... (cached) none needed
checking whether gcc understands -c and -o together... (cached) yes
checking dependency style of gcc... (cached) none
checking for g++... g++
checking whether we are using the GNU C++ compiler... yes
checking whether g++ accepts -g... yes
checking dependency style of g++... none
checking for gcc... gcc
checking whether we are using the GNU Objective C compiler... no
checking whether gcc accepts -g... no
checking dependency style of gcc... none
checking if g++ accepts -Wall... yes
checking if g++ accepts -O2... yes
checking how to print strings... printf
checking for a sed that does not truncate output... (cached) /usr/bin/sed
checking for grep that handles long lines and -e... /usr/bin/grep
checking for egrep... /usr/bin/grep -E
checking for fgrep... /usr/bin/grep -F
checking for ld used by gcc... /usr/bin/ld
checking if the linker (/usr/bin/ld) is GNU ld... yes
checking for BSD- or MS-compatible name lister (nm)... /usr/bin/nm -B
checking the name lister (/usr/bin/nm -B) interface... BSD nm
checking the maximum length of command line arguments... 1879296
checking how to convert x86_64-pc-linux-gnu file names to x86_64-pc-linux-gnu format... func_convert_file_noop
checking how to convert x86_64-pc-linux-gnu file names to toolchain format... func_convert_file_noop
checking for /usr/bin/ld option to reload object files... -r
checking for objdump... objdump
checking how to recognize dependent libraries... pass_all
checking for dlltool... no
checking how to associate runtime and link libraries... printf %s\n
checking for archiver @FILE support... @
checking for strip... strip
checking for ranlib... ranlib
checking command to parse /usr/bin/nm -B output from gcc object... ok
checking for sysroot... no
checking for a working dd... /usr/bin/dd
checking how to truncate binary pipes... /usr/bin/dd bs=4096 count=1
checking for mt... mt
checking if mt is a manifest tool... no
checking how to run the C preprocessor... gcc -E
checking for ANSI C header files... yes
checking for sys/types.h... yes
checking for sys/stat.h... yes
checking for stdlib.h... yes
checking for string.h... yes
checking for memory.h... yes
checking for strings.h... yes
checking for inttypes.h... yes
checking for stdint.h... yes
checking for unistd.h... yes
checking for dlfcn.h... yes
checking for objdir... .libs
checking if gcc supports -fno-rtti -fno-exceptions... no
checking for gcc option to produce PIC... -fPIC -DPIC
checking if gcc PIC flag -fPIC -DPIC works... yes
checking if gcc static flag -static works... yes
checking if gcc supports -c -o file.o... yes
checking if gcc supports -c -o file.o... (cached) yes
checking whether the gcc linker (/usr/bin/ld -m elf_x86_64) supports shared libraries... yes
checking whether -lc should be explicitly linked in... no
checking dynamic linker characteristics... GNU/Linux ld.so
checking how to hardcode library paths into programs... immediate
checking whether stripping libraries is possible... yes
checking if libtool supports shared libraries... yes
checking whether to build shared libraries... yes
checking whether to build static libraries... no
checking how to run the C++ preprocessor... g++ -E
checking for ld used by g++... /usr/bin/ld -m elf_x86_64
checking if the linker (/usr/bin/ld -m elf_x86_64) is GNU ld... yes
checking whether the g++ linker (/usr/bin/ld -m elf_x86_64) supports shared libraries... yes
checking for g++ option to produce PIC... -fPIC -DPIC
checking if g++ PIC flag -fPIC -DPIC works... yes
checking if g++ static flag -static works... yes
checking if g++ supports -c -o file.o... yes
checking if g++ supports -c -o file.o... (cached) yes
checking whether the g++ linker (/usr/bin/ld -m elf_x86_64) supports shared libraries... yes
checking dynamic linker characteristics... (cached) GNU/Linux ld.so
checking how to hardcode library paths into programs... immediate
checking for rsvg-convert... /usr/bin/rsvg-convert
checking for inkscape... /usr/bin/inkscape
checking for convert... /usr/bin/convert
checking for ANSI C header files... (cached) yes
checking for dirent.h that defines DIR... yes
checking for library containing opendir... none required
checking whether time.h and sys/time.h may both be included... yes
checking for sys/wait.h that is POSIX.1 compatible... yes
checking for unistd.h... (cached) yes
checking for string.h... (cached) yes
checking for strings.h... (cached) yes
checking getopt.h usability... yes
checking getopt.h presence... yes
checking for getopt.h... yes
checking for pid_t... yes
checking vfork.h usability... no
checking vfork.h presence... no
checking for vfork.h... no
checking for fork... yes
checking for vfork... yes
checking for working fork... yes
checking for working vfork... (cached) yes
checking for _LARGEFILE_SOURCE value needed for large files... no
checking for sigaction... yes
checking for strerror... yes
checking for waitpid... yes
checking for wait3... yes
checking for pkg-config... /usr/bin/pkg-config
checking for X... libraries , headers 
checking for gethostbyname... yes
checking for connect... yes
checking for remove... yes
checking for shmat... yes
checking for IceConnectionNumber in -lICE... yes
checking for qmake... /usr/bin/qmake
conftest.d/conftest.sh: line 1: creating: command not found
checking Qt version... qt5 (5.11.3)
checking for real qmake path... /usr/lib/qt5/bin/qmake
checking for moc... /usr/lib/qt5/bin/moc
checking for uic... /usr/lib/qt5/bin/uic
checking for rcc... /usr/lib/qt5/bin/rcc
checking for lupdate... /usr/lib/qt5/bin/lupdate
checking for lrelease... /usr/lib/qt5/bin/lrelease
checking for ddjvuapi... found
checking for the libtiff library... yes
checking for X... libraries , headers 
checking for gethostbyname... (cached) yes
checking for connect... (cached) yes
checking for remove... (cached) yes
checking for shmat... (cached) yes
checking for IceConnectionNumber in -lICE... (cached) yes
checking for glib... found
checking X11/Shell.h usability... yes
checking X11/Shell.h presence... yes
checking for X11/Shell.h... yes
checking X11/IntrinsicP.h usability... yes
checking X11/IntrinsicP.h presence... yes
checking for X11/IntrinsicP.h... yes
checking that generated files are newer than configure... done
configure: creating ./config.status
config.status: creating Makefile
config.status: creating src/Makefile
config.status: creating nsdejavu/Makefile
config.status: creating desktopfiles/Makefile
config.status: creating npdjvu/Makefile
config.status: creating mac/Makefile
config.status: creating mac/mdimporter_src/Makefile
config.status: creating mac/qlgenerator_src/Makefile
config.status: creating config.h
config.status: executing depfiles commands
config.status: executing libtool commands
configure: WARNING: unrecognized options: --disable-maintainer-mode

djview 4.11

Configuration Options Summary:

  OS...................: linux-gnu
  Qt version...........: qt5 (5.11.3)
  TIFF support.........: yes
  Desktop files........: yes
  Icon generation......: rsvg
  Mac specific tools...: no
  NSDEJAVU plugin......: yes
  NPDJVU plugin........: no

Compilation............: make (or gmake)
Installation...........: make install (as root if needed, with 'su' or 'sudo')
  prefix...............: /usr

   dh_auto_build
	make -j2
make[1]: Entering directory '/media/jsbien/MyBookAV/GitHub/djview4'
make  all-recursive
make[2]: Entering directory '/media/jsbien/MyBookAV/GitHub/djview4'
Making all in src
make[3]: Entering directory '/media/jsbien/MyBookAV/GitHub/djview4/src'
/usr/bin/awk -f ../config/qmsources.awk < djview.pro > djview.am
 cd .. && /bin/bash /media/jsbien/MyBookAV/GitHub/djview4/config/missing automake-1.16 --gnu src/Makefile
 cd .. && /bin/bash ./config.status src/Makefile 
config.status: creating src/Makefile
/usr/lib/qt5/bin/qmake CONFIG+=autoconf CONFIG+=release PACKAGE_VERSION=4.11\
	QMAKE_UIC=/usr/lib/qt5/bin/uic \
	QMAKE_MOC=/usr/lib/qt5/bin/moc \
	QMAKE_RCC=/usr/lib/qt5/bin/rcc \
	QMAKE_LFLAGS+='-Wl,-z,relro -Wl,-z,now' \
	QMAKE_CFLAGS+='-fdebug-prefix-map=/media/jsbien/MyBookAV/GitHub/djview4=. -fstack-protector-strong -Wformat -Werror=format-security -pthread   -I.. -I. -DDIR_DATADIR=\\\"/usr/share\\\"' \
	QMAKE_CXXFLAGS+='-fdebug-prefix-map=/media/jsbien/MyBookAV/GitHub/djview4=. -fstack-protector-strong -Wformat -Werror=format-security -pthread   -I.. -I. -DDIR_DATADIR=\\\"/usr/share\\\"' \
	QMAKE_CPPFLAGS+='-Wdate-time -D_FORTIFY_SOURCE=2 -pthread   -I.. -I. -DDIR_DATADIR=\\\"/usr/share\\\"' \
	LIBS+='-ldjvulibre -ltiff ' \
	VPATH='.' -o Makefile.qmake0 djview.pro
Info: creating stash file /media/jsbien/MyBookAV/GitHub/djview4/src/.qmake.stash
/usr/bin/awk -f ../config/qmsilent.awk < Makefile.qmake0 > Makefile.qmake && /usr/bin/rm -f Makefile.qmake0
make -f Makefile.qmake
make[4]: Entering directory '/media/jsbien/MyBookAV/GitHub/djview4/src'
/usr/lib/qt5/bin/qmake -o Makefile.qmake0 djview.pro CONFIG+=autoconf CONFIG+=release PACKAGE_VERSION=4.11 QMAKE_UIC=/usr/lib/qt5/bin/uic QMAKE_MOC=/usr/lib/qt5/bin/moc QMAKE_RCC=/usr/lib/qt5/bin/rcc 'QMAKE_LFLAGS+=-Wl,-z,relro -Wl,-z,now' 'QMAKE_CFLAGS+=-fdebug-prefix-map=/media/jsbien/MyBookAV/GitHub/djview4=. -fstack-protector-strong -Wformat -Werror=format-security -pthread   -I.. -I. -DDIR_DATADIR=\\\"/usr/share\\\"' 'QMAKE_CXXFLAGS+=-fdebug-prefix-map=/media/jsbien/MyBookAV/GitHub/djview4=. -fstack-protector-strong -Wformat -Werror=format-security -pthread   -I.. -I. -DDIR_DATADIR=\\\"/usr/share\\\"' 'QMAKE_CPPFLAGS+=-Wdate-time -D_FORTIFY_SOURCE=2 -pthread   -I.. -I. -DDIR_DATADIR=\\\"/usr/share\\\"' 'LIBS+=-ldjvulibre -ltiff ' VPATH=.
  UIC      ui_qdjviewerrordialog.h
  UIC      ui_qdjviewauthdialog.h
  UIC      ui_qdjviewinfodialog.h
  UIC      ui_qdjviewmetadialog.h
  UIC      ui_qdjviewsavedialog.h
  UIC      ui_qdjviewprintdialog.h
  UIC      ui_qdjviewexportdialog.h
  UIC      ui_qdjviewexportps1.h
  UIC      ui_qdjviewexportps2.h
  UIC      ui_qdjviewexportps3.h
  UIC      ui_qdjviewexporttiff.h
  UIC      ui_qdjviewexportprn.h
  UIC      ui_qdjviewprefsdialog.h
g++ -pipe -fdebug-prefix-map=/media/jsbien/MyBookAV/GitHub/djview4=. -fstack-protector-strong -Wformat -Werror=format-security -pthread -I.. -I. -DDIR_DATADIR=\"/usr/share\" -O2 -Wall -W -D_REENTRANT -dM -E -o moc_predefs.h /usr/lib/x86_64-linux-gnu/qt5/mkspecs/features/data/dummy.cpp
  CXX      qdjviewdialogs.o
  MOC      qdjviewexporters.moc
  MOC      qdjview.moc
  CXX      djview.o
  MOC      qdjviewplugin.moc
  CC       tiff2pdf.o
  RCC      qrc_qdjvuwidget.cpp
  RCC      qrc_qdjview.cpp
  MOC      moc_qdjvu.cpp
  MOC      moc_qdjvunet.cpp
  MOC      moc_qdjvuwidget.cpp
  MOC      moc_qdjviewprefs.cpp
  MOC      moc_qdjviewsidebar.cpp
  MOC      moc_qdjviewdialogs.cpp
  MOC      moc_qdjviewexporters.cpp
  MOC      moc_qdjview.cpp
  MOC      moc_djview.cpp
  MOC      qdjvu.moc
  MOC      qdjvunet.moc
  MOC      qdjvuwidget.moc
  MOC      qdjviewprefs.moc
  MOC      qdjviewsidebar.moc
  CXX      qdjviewexporters.o
  CXX      qdjview.o
  CXX      qdjviewplugin.o
  CXX      qrc_qdjvuwidget.o
  CXX      qrc_qdjview.o
  CXX      moc_qdjvu.o
  CXX      moc_qdjvunet.o
  CXX      moc_qdjvuwidget.o
  CXX      moc_qdjviewprefs.o
  CXX      moc_qdjviewsidebar.o
  CXX      moc_qdjviewdialogs.o
  CXX      moc_qdjviewexporters.o
  CXX      moc_qdjview.o
  CXX      moc_djview.o
  CXX      qdjvu.o
  CXX      qdjvunet.o
  CXX      qdjvuwidget.o
  CXX      qdjviewprefs.o
  CXX      qdjviewsidebar.o
  LINK     djview
make[4]: Leaving directory '/media/jsbien/MyBookAV/GitHub/djview4/src'
/usr/lib/qt5/bin/lrelease -silent djview_fr.ts -qm djview_fr.qm
/usr/lib/qt5/bin/lrelease -silent djview_uk.ts -qm djview_uk.qm
/usr/lib/qt5/bin/lrelease -silent djview_de.ts -qm djview_de.qm
/usr/lib/qt5/bin/lrelease -silent djview_cs.ts -qm djview_cs.qm
/usr/lib/qt5/bin/lrelease -silent djview_ru.ts -qm djview_ru.qm
/usr/lib/qt5/bin/lrelease -silent djview_es.ts -qm djview_es.qm
/usr/lib/qt5/bin/lrelease -silent djview_zh_cn.ts -qm djview_zh_cn.qm
/usr/lib/qt5/bin/lrelease -silent djview_zh_tw.ts -qm djview_zh_tw.qm
make[3]: Leaving directory '/media/jsbien/MyBookAV/GitHub/djview4/src'
Making all in nsdejavu
make[3]: Entering directory '/media/jsbien/MyBookAV/GitHub/djview4/nsdejavu'
/bin/bash ../libtool  --tag=CC   --mode=compile gcc -DHAVE_CONFIG_H -I. -I..  -DDIR_BINDIR=\"/usr/bin\" -I. -I./npsdk -Wdate-time -D_FORTIFY_SOURCE=2 -DNDEBUG -Wall -O2 -I/usr/include/glib-2.0 -I/usr/lib/x86_64-linux-gnu/glib-2.0/include  -fdebug-prefix-map=/media/jsbien/MyBookAV/GitHub/djview4=. -fstack-protector-strong -Wformat -Werror=format-security -c -o nsdejavu_la-nsdejavu.lo `test -f 'nsdejavu.c' || echo './'`nsdejavu.c
libtool: compile:  gcc -DHAVE_CONFIG_H -I. -I.. -DDIR_BINDIR=\"/usr/bin\" -I. -I./npsdk -Wdate-time -D_FORTIFY_SOURCE=2 -DNDEBUG -Wall -O2 -I/usr/include/glib-2.0 -I/usr/lib/x86_64-linux-gnu/glib-2.0/include -fdebug-prefix-map=/media/jsbien/MyBookAV/GitHub/djview4=. -fstack-protector-strong -Wformat -Werror=format-security -c nsdejavu.c  -fPIC -DPIC -o .libs/nsdejavu_la-nsdejavu.o
/bin/bash ../libtool  --tag=CC   --mode=link gcc -DNDEBUG -Wall -O2 -I/usr/include/glib-2.0 -I/usr/lib/x86_64-linux-gnu/glib-2.0/include  -fdebug-prefix-map=/media/jsbien/MyBookAV/GitHub/djview4=. -fstack-protector-strong -Wformat -Werror=format-security -module -rpath /usr/lib/x86_64-linux-gnu/mozilla/plugins -avoid-version -Wl,-z,relro -Wl,-z,now -o nsdejavu.la -rpath /usr/lib/x86_64-linux-gnu/mozilla/plugins nsdejavu_la-nsdejavu.lo  
libtool: link: gcc -shared  -fPIC -DPIC  .libs/nsdejavu_la-nsdejavu.o    -O2 -fstack-protector-strong -Wl,-z -Wl,relro -Wl,-z -Wl,now   -Wl,-soname -Wl,nsdejavu.so -o .libs/nsdejavu.so
libtool: link: ( cd ".libs" && rm -f "nsdejavu.la" && ln -s "../nsdejavu.la" "nsdejavu.la" )
rm -f nsdejavu.1
eval "nsdejavu=`cat nsdejavu.x`" && /usr/bin/sed -e "s,PLUGINSDIR,/usr/lib/x86_64-linux-gnu/mozilla/plugins," -e "s,NSDEJAVUSO,${nsdejavu}," < nsdejavu.1.in > nsdejavu.1 || (rm nsdejavu.1; exit 1)
make[3]: Leaving directory '/media/jsbien/MyBookAV/GitHub/djview4/nsdejavu'
Making all in desktopfiles
make[3]: Entering directory '/media/jsbien/MyBookAV/GitHub/djview4/desktopfiles'
/usr/bin/mkdir -p `dirname 32x32/mimetypes/djvulibre-djview4.png`
/usr/bin/mkdir -p `dirname 64x64/mimetypes/djvulibre-djview4.png`
s=`echo 64x64/mimetypes/djvulibre-djview4.png | sed -e 's/[a-z]*\([0-9]*\).*/\1/'`; /usr/bin/rsvg-convert -w ${s} -h ${s} -o 64x64/mimetypes/djvulibre-djview4.png djview.svg
s=`echo 32x32/mimetypes/djvulibre-djview4.png | sed -e 's/[a-z]*\([0-9]*\).*/\1/'`; /usr/bin/rsvg-convert -w ${s} -h ${s} -o 32x32/mimetypes/djvulibre-djview4.png djview.svg
/usr/bin/mkdir -p `dirname scalable/mimetypes/djvulibre-djview4.svgz`
rm -f scalable/mimetypes/djvulibre-djview4.svgz
gzip --no-name <djview.svg >scalable/mimetypes/djvulibre-djview4.svgz
make[3]: Leaving directory '/media/jsbien/MyBookAV/GitHub/djview4/desktopfiles'
make[3]: Entering directory '/media/jsbien/MyBookAV/GitHub/djview4'
make[3]: Leaving directory '/media/jsbien/MyBookAV/GitHub/djview4'
make[2]: Leaving directory '/media/jsbien/MyBookAV/GitHub/djview4'
make[1]: Leaving directory '/media/jsbien/MyBookAV/GitHub/djview4'
   dh_auto_test
	make -j2 check VERBOSE=1
make[1]: Entering directory '/media/jsbien/MyBookAV/GitHub/djview4'
Making check in src
make[2]: Entering directory '/media/jsbien/MyBookAV/GitHub/djview4/src'
make -f Makefile.qmake
make[3]: Entering directory '/media/jsbien/MyBookAV/GitHub/djview4/src'
make[3]: Nothing to be done for 'first'.
make[3]: Leaving directory '/media/jsbien/MyBookAV/GitHub/djview4/src'
make[2]: Leaving directory '/media/jsbien/MyBookAV/GitHub/djview4/src'
Making check in nsdejavu
make[2]: Entering directory '/media/jsbien/MyBookAV/GitHub/djview4/nsdejavu'
make[2]: Nothing to be done for 'check'.
make[2]: Leaving directory '/media/jsbien/MyBookAV/GitHub/djview4/nsdejavu'
Making check in desktopfiles
make[2]: Entering directory '/media/jsbien/MyBookAV/GitHub/djview4/desktopfiles'
make[2]: Nothing to be done for 'check'.
make[2]: Leaving directory '/media/jsbien/MyBookAV/GitHub/djview4/desktopfiles'
make[2]: Entering directory '/media/jsbien/MyBookAV/GitHub/djview4'
make[2]: Leaving directory '/media/jsbien/MyBookAV/GitHub/djview4'
make[1]: Leaving directory '/media/jsbien/MyBookAV/GitHub/djview4'
   create-stamp debian/debhelper-build-stamp
 fakeroot debian/rules binary
dh binary
   dh_testroot
   dh_prep
   debian/rules override_dh_auto_install
make[1]: Entering directory '/media/jsbien/MyBookAV/GitHub/djview4'
dh_auto_install -- \
	pluginsdir=/usr/lib/mozilla/plugins \
	DESTDIR=/media/jsbien/MyBookAV/GitHub/djview4/debian/tmp
	make -j1 install DESTDIR=/media/jsbien/MyBookAV/GitHub/djview4/debian/tmp AM_UPDATE_INFO_DIR=no pluginsdir=/usr/lib/mozilla/plugins DESTDIR=/media/jsbien/MyBookAV/GitHub/djview4/debian/tmp
make[2]: Entering directory '/media/jsbien/MyBookAV/GitHub/djview4'
Making install in src
make[3]: Entering directory '/media/jsbien/MyBookAV/GitHub/djview4/src'
make -f Makefile.qmake
make[4]: Entering directory '/media/jsbien/MyBookAV/GitHub/djview4/src'
make[4]: Nothing to be done for 'first'.
make[4]: Leaving directory '/media/jsbien/MyBookAV/GitHub/djview4/src'
make[4]: Entering directory '/media/jsbien/MyBookAV/GitHub/djview4/src'
make -f Makefile.qmake
make[5]: Entering directory '/media/jsbien/MyBookAV/GitHub/djview4/src'
make[5]: Nothing to be done for 'first'.
make[5]: Leaving directory '/media/jsbien/MyBookAV/GitHub/djview4/src'
 /usr/bin/mkdir -p '/media/jsbien/MyBookAV/GitHub/djview4/debian/tmp/usr/bin'
 /usr/bin/install -c djview '/media/jsbien/MyBookAV/GitHub/djview4/debian/tmp/usr/bin'
 /usr/bin/mkdir -p '/media/jsbien/MyBookAV/GitHub/djview4/debian/tmp/usr/share/man/man1'
 /usr/bin/install -c -m 644 djview.1 '/media/jsbien/MyBookAV/GitHub/djview4/debian/tmp/usr/share/man/man1'
 /usr/bin/mkdir -p '/media/jsbien/MyBookAV/GitHub/djview4/debian/tmp/usr/share/djvu/djview4'
 /usr/bin/install -c -m 644 djview_fr.qm djview_uk.qm djview_de.qm djview_cs.qm djview_ru.qm djview_es.qm djview_zh_cn.qm djview_zh_tw.qm '/media/jsbien/MyBookAV/GitHub/djview4/debian/tmp/usr/share/djvu/djview4'
make[4]: Leaving directory '/media/jsbien/MyBookAV/GitHub/djview4/src'
make[3]: Leaving directory '/media/jsbien/MyBookAV/GitHub/djview4/src'
Making install in nsdejavu
make[3]: Entering directory '/media/jsbien/MyBookAV/GitHub/djview4/nsdejavu'
make[4]: Entering directory '/media/jsbien/MyBookAV/GitHub/djview4/nsdejavu'
make[4]: Nothing to be done for 'install-exec-am'.
 /usr/bin/mkdir -p '/media/jsbien/MyBookAV/GitHub/djview4/debian/tmp/usr/share/man/man1'
 /usr/bin/install -c -m 644 nsdejavu.1 '/media/jsbien/MyBookAV/GitHub/djview4/debian/tmp/usr/share/man/man1'
 /usr/bin/mkdir -p '/media/jsbien/MyBookAV/GitHub/djview4/debian/tmp/usr/lib/mozilla/plugins'
 /bin/bash ../libtool   --mode=install /usr/bin/install -c   nsdejavu.la '/media/jsbien/MyBookAV/GitHub/djview4/debian/tmp/usr/lib/mozilla/plugins'
libtool: install: /usr/bin/install -c .libs/nsdejavu.so /media/jsbien/MyBookAV/GitHub/djview4/debian/tmp/usr/lib/mozilla/plugins/nsdejavu.so
libtool: install: /usr/bin/install -c .libs/nsdejavu.lai /media/jsbien/MyBookAV/GitHub/djview4/debian/tmp/usr/lib/mozilla/plugins/nsdejavu.la
libtool: warning: remember to run 'libtool --finish /usr/lib/x86_64-linux-gnu/mozilla/plugins'
make[4]: Leaving directory '/media/jsbien/MyBookAV/GitHub/djview4/nsdejavu'
make[3]: Leaving directory '/media/jsbien/MyBookAV/GitHub/djview4/nsdejavu'
Making install in desktopfiles
make[3]: Entering directory '/media/jsbien/MyBookAV/GitHub/djview4/desktopfiles'
make[4]: Entering directory '/media/jsbien/MyBookAV/GitHub/djview4/desktopfiles'
make[4]: Nothing to be done for 'install-exec-am'.
 /usr/bin/mkdir -p '/media/jsbien/MyBookAV/GitHub/djview4/debian/tmp/usr/share/applications'
 /usr/bin/install -c -m 644 djvulibre-djview4.desktop '/media/jsbien/MyBookAV/GitHub/djview4/debian/tmp/usr/share/applications'
 /usr/bin/mkdir -p '/media/jsbien/MyBookAV/GitHub/djview4/debian/tmp/usr/share/icons/hicolor'
 /usr/bin/mkdir -p '/media/jsbien/MyBookAV/GitHub/djview4/debian/tmp/usr/share/icons/hicolor/32x32/mimetypes'
 /usr/bin/install -c -m 644  32x32/mimetypes/djvulibre-djview4.png '/media/jsbien/MyBookAV/GitHub/djview4/debian/tmp/usr/share/icons/hicolor/32x32/mimetypes'
 /usr/bin/mkdir -p '/media/jsbien/MyBookAV/GitHub/djview4/debian/tmp/usr/share/icons/hicolor/64x64/mimetypes'
 /usr/bin/install -c -m 644  64x64/mimetypes/djvulibre-djview4.png '/media/jsbien/MyBookAV/GitHub/djview4/debian/tmp/usr/share/icons/hicolor/64x64/mimetypes'
 /usr/bin/mkdir -p '/media/jsbien/MyBookAV/GitHub/djview4/debian/tmp/usr/share/icons/hicolor/scalable/mimetypes'
 /usr/bin/install -c -m 644  scalable/mimetypes/djvulibre-djview4.svgz '/media/jsbien/MyBookAV/GitHub/djview4/debian/tmp/usr/share/icons/hicolor/scalable/mimetypes'
make[4]: Leaving directory '/media/jsbien/MyBookAV/GitHub/djview4/desktopfiles'
make[3]: Leaving directory '/media/jsbien/MyBookAV/GitHub/djview4/desktopfiles'
make[3]: Entering directory '/media/jsbien/MyBookAV/GitHub/djview4'
make[4]: Entering directory '/media/jsbien/MyBookAV/GitHub/djview4'
make[4]: Nothing to be done for 'install-exec-am'.
make[4]: Nothing to be done for 'install-data-am'.
make[4]: Leaving directory '/media/jsbien/MyBookAV/GitHub/djview4'
make[3]: Leaving directory '/media/jsbien/MyBookAV/GitHub/djview4'
make[2]: Leaving directory '/media/jsbien/MyBookAV/GitHub/djview4'
rename djview as djview4 to allow debian alternatives
mv debian/tmp/usr/bin/djview debian/tmp/usr/bin/djview4
mv debian/tmp/usr/share/man/man1/djview.1 debian/tmp/usr/share/man/man1/djview4.1
make[1]: Leaving directory '/media/jsbien/MyBookAV/GitHub/djview4'
   dh_install
   dh_installdocs
   debian/rules override_dh_installchangelogs
make[1]: Entering directory '/media/jsbien/MyBookAV/GitHub/djview4'
dh_installchangelogs NEWS
make[1]: Leaving directory '/media/jsbien/MyBookAV/GitHub/djview4'
   dh_installman
   dh_installmime
   dh_icons
   dh_perl
   dh_link
   dh_strip_nondeterminism
   dh_compress
   dh_fixperms
   dh_missing
   dh_strip
   debian/rules override_dh_makeshlibs
make[1]: Entering directory '/media/jsbien/MyBookAV/GitHub/djview4'
dh_makeshlibs --version-info --exclude=/plugins
make[1]: Leaving directory '/media/jsbien/MyBookAV/GitHub/djview4'
   dh_shlibdeps
dpkg-shlibdeps: warning: package could avoid a useless dependency if debian/djview4/usr/bin/djview4 was not linked against libGL.so.1 (it uses none of the library's symbols)
dpkg-shlibdeps: warning: debian/djview-plugin/usr/lib/mozilla/plugins/nsdejavu.so contains an unresolvable reference to symbol XStoreColors: it's probably a plugin
dpkg-shlibdeps: warning: 14 other similar warnings have been skipped (use -v to see them all)
   dh_installdeb
   dh_gencontrol
dpkg-gencontrol: warning: Depends field of package djvulibre-plugin: substitution variable ${shlibs:Depends} used, but is not defined
   dh_md5sums
   dh_builddeb
dpkg-deb: building package 'djview-plugin-dbgsym' in '../djview-plugin-dbgsym_4.11-2_amd64.deb'.
dpkg-deb: building package 'djview4' in '../djview4_4.11-2_amd64.deb'.
dpkg-deb: building package 'djvulibre-plugin' in '../djvulibre-plugin_4.11-2_all.deb'.
dpkg-deb: building package 'djview4-dbgsym' in '../djview4-dbgsym_4.11-2_amd64.deb'.
dpkg-deb: building package 'djview-plugin' in '../djview-plugin_4.11-2_amd64.deb'.
 dpkg-genbuildinfo --build=binary
 dpkg-genchanges --build=binary >../djview4_4.11-2_amd64.changes
dpkg-genchanges: info: binary-only upload (no source code included)
 dpkg-source --after-build .
dpkg-source: info: using options from djview4/debian/source/local-options: --single-debian-patch
dpkg-buildpackage: info: binary-only upload (no source included)
jsbien@debian:/media/jsbien/MyBookAV/GitHub/djview4$ 